The system is: Linux - 2.6.32-431.11.2.el6.x86_64 - x86_64
Compiling the C compiler identification source file "CMakeCCompilerId.c" succeeded.
Compiler: /home/javier/.local/gcc-4.9.4/bin/gcc 
Build flags: 
Id flags:  

The output was:
0


Compilation of the C compiler identification source "CMakeCCompilerId.c" produced "a.out"

The C compiler identification is GNU, found in "/home/javier/rcnn/py-faster-rcnn/caffe-fast-rcnn/CMakeFiles/3.8.0/CompilerIdC/a.out"

Compiling the CXX compiler identification source file "CMakeCXXCompilerId.cpp" succeeded.
Compiler: /home/javier/.local/gcc-4.9.4/bin/g++ 
Build flags: -std=c++11
Id flags:  

The output was:
0


Compilation of the CXX compiler identification source "CMakeCXXCompilerId.cpp" produced "a.out"

The CXX compiler identification is GNU, found in "/home/javier/rcnn/py-faster-rcnn/caffe-fast-rcnn/CMakeFiles/3.8.0/CompilerIdCXX/a.out"

Determining if the C compiler works passed with the following output:
Change Dir: /home/javier/rcnn/py-faster-rcnn/caffe-fast-rcnn/CMakeFiles/CMakeTmp

Run Build Command:"/usr/bin/gmake" "cmTC_5426c/fast"
/usr/bin/gmake -f CMakeFiles/cmTC_5426c.dir/build.make CMakeFiles/cmTC_5426c.dir/build
gmake[1]: Entering directory `/home/javier/rcnn/py-faster-rcnn/caffe-fast-rcnn/CMakeFiles/CMakeTmp'
Building C object CMakeFiles/cmTC_5426c.dir/testCCompiler.c.o
/home/javier/.local/gcc-4.9.4/bin/gcc    -o CMakeFiles/cmTC_5426c.dir/testCCompiler.c.o   -c /home/javier/rcnn/py-faster-rcnn/caffe-fast-rcnn/CMakeFiles/CMakeTmp/testCCompiler.c
Linking C executable cmTC_5426c
/home/javier/.local/bin/cmake -E cmake_link_script CMakeFiles/cmTC_5426c.dir/link.txt --verbose=1
/home/javier/.local/gcc-4.9.4/bin/gcc      -rdynamic CMakeFiles/cmTC_5426c.dir/testCCompiler.c.o  -o cmTC_5426c 
gmake[1]: Leaving directory `/home/javier/rcnn/py-faster-rcnn/caffe-fast-rcnn/CMakeFiles/CMakeTmp'


Detecting C compiler ABI info compiled with the following output:
Change Dir: /home/javier/rcnn/py-faster-rcnn/caffe-fast-rcnn/CMakeFiles/CMakeTmp

Run Build Command:"/usr/bin/gmake" "cmTC_250e8/fast"
/usr/bin/gmake -f CMakeFiles/cmTC_250e8.dir/build.make CMakeFiles/cmTC_250e8.dir/build
gmake[1]: Entering directory `/home/javier/rcnn/py-faster-rcnn/caffe-fast-rcnn/CMakeFiles/CMakeTmp'
Building C object CMakeFiles/cmTC_250e8.dir/CMakeCCompilerABI.c.o
/home/javier/.local/gcc-4.9.4/bin/gcc    -o CMakeFiles/cmTC_250e8.dir/CMakeCCompilerABI.c.o   -c /home/javier/.local/share/cmake-3.8/Modules/CMakeCCompilerABI.c
Linking C executable cmTC_250e8
/home/javier/.local/bin/cmake -E cmake_link_script CMakeFiles/cmTC_250e8.dir/link.txt --verbose=1
/home/javier/.local/gcc-4.9.4/bin/gcc     -v -rdynamic CMakeFiles/cmTC_250e8.dir/CMakeCCompilerABI.c.o  -o cmTC_250e8 
Using built-in specs.
COLLECT_GCC=/home/javier/.local/gcc-4.9.4/bin/gcc
COLLECT_LTO_WRAPPER=/home/javier/.local/gcc-4.9.4/libexec/gcc/x86_64-unknown-linux-gnu/4.9.4/lto-wrapper
Target: x86_64-unknown-linux-gnu
Configured with: ../gcc-4.9.4/configure --prefix=/home/javier/.local/gcc-4.9.4 --enable-languages=c,c++ --enable-multilib
Thread model: posix
gcc version 4.9.4 (GCC) 
COMPILER_PATH=/home/javier/.local/gcc-4.9.4/libexec/gcc/x86_64-unknown-linux-gnu/4.9.4/:/home/javier/.local/gcc-4.9.4/libexec/gcc/x86_64-unknown-linux-gnu/4.9.4/:/home/javier/.local/gcc-4.9.4/libexec/gcc/x86_64-unknown-linux-gnu/:/home/javier/.local/gcc-4.9.4/lib/gcc/x86_64-unknown-linux-gnu/4.9.4/:/home/javier/.local/gcc-4.9.4/lib/gcc/x86_64-unknown-linux-gnu/
LIBRARY_PATH=/home/javier/.local/lib/../lib64/:/home/javier/.local/gcc-4.9.4/lib/gcc/x86_64-unknown-linux-gnu/4.9.4/:/home/javier/.local/gcc-4.9.4/lib/gcc/x86_64-unknown-linux-gnu/4.9.4/../../../../lib64/:/lib/../lib64/:/usr/lib/../lib64/:./:/home/javier/.local/lib/:/home/javier/.local/gcc-4.9.4/lib/gcc/x86_64-unknown-linux-gnu/4.9.4/../../../:/lib/:/usr/lib/
COLLECT_GCC_OPTIONS='-v' '-rdynamic' '-o' 'cmTC_250e8' '-mtune=generic' '-march=x86-64'
 /home/javier/.local/gcc-4.9.4/libexec/gcc/x86_64-unknown-linux-gnu/4.9.4/collect2 --eh-frame-hdr -m elf_x86_64 -export-dynamic -dynamic-linker /lib64/ld-linux-x86-64.so.2 -o cmTC_250e8 /usr/lib/../lib64/crt1.o /usr/lib/../lib64/crti.o /home/javier/.local/gcc-4.9.4/lib/gcc/x86_64-unknown-linux-gnu/4.9.4/crtbegin.o -L/home/javier/.local/lib/../lib64 -L/home/javier/.local/gcc-4.9.4/lib/gcc/x86_64-unknown-linux-gnu/4.9.4 -L/home/javier/.local/gcc-4.9.4/lib/gcc/x86_64-unknown-linux-gnu/4.9.4/../../../../lib64 -L/lib/../lib64 -L/usr/lib/../lib64 -L. -L/home/javier/.local/lib -L/home/javier/.local/gcc-4.9.4/lib/gcc/x86_64-unknown-linux-gnu/4.9.4/../../.. CMakeFiles/cmTC_250e8.dir/CMakeCCompilerABI.c.o -lgcc --as-needed -lgcc_s --no-as-needed -lc -lgcc --as-needed -lgcc_s --no-as-needed /home/javier/.local/gcc-4.9.4/lib/gcc/x86_64-unknown-linux-gnu/4.9.4/crtend.o /usr/lib/../lib64/crtn.o
gmake[1]: Leaving directory `/home/javier/rcnn/py-faster-rcnn/caffe-fast-rcnn/CMakeFiles/CMakeTmp'


Parsed C implicit link information from above output:
  link line regex: [^( *|.*[/\])(ld|([^/\]+-)?ld|collect2)[^/\]*( |$)]
  ignore line: [Change Dir: /home/javier/rcnn/py-faster-rcnn/caffe-fast-rcnn/CMakeFiles/CMakeTmp]
  ignore line: []
  ignore line: [Run Build Command:"/usr/bin/gmake" "cmTC_250e8/fast"]
  ignore line: [/usr/bin/gmake -f CMakeFiles/cmTC_250e8.dir/build.make CMakeFiles/cmTC_250e8.dir/build]
  ignore line: [gmake[1]: Entering directory `/home/javier/rcnn/py-faster-rcnn/caffe-fast-rcnn/CMakeFiles/CMakeTmp']
  ignore line: [Building C object CMakeFiles/cmTC_250e8.dir/CMakeCCompilerABI.c.o]
  ignore line: [/home/javier/.local/gcc-4.9.4/bin/gcc    -o CMakeFiles/cmTC_250e8.dir/CMakeCCompilerABI.c.o   -c /home/javier/.local/share/cmake-3.8/Modules/CMakeCCompilerABI.c]
  ignore line: [Linking C executable cmTC_250e8]
  ignore line: [/home/javier/.local/bin/cmake -E cmake_link_script CMakeFiles/cmTC_250e8.dir/link.txt --verbose=1]
  ignore line: [/home/javier/.local/gcc-4.9.4/bin/gcc     -v -rdynamic CMakeFiles/cmTC_250e8.dir/CMakeCCompilerABI.c.o  -o cmTC_250e8 ]
  ignore line: [Using built-in specs.]
  ignore line: [COLLECT_GCC=/home/javier/.local/gcc-4.9.4/bin/gcc]
  ignore line: [COLLECT_LTO_WRAPPER=/home/javier/.local/gcc-4.9.4/libexec/gcc/x86_64-unknown-linux-gnu/4.9.4/lto-wrapper]
  ignore line: [Target: x86_64-unknown-linux-gnu]
  ignore line: [Configured with: ../gcc-4.9.4/configure --prefix=/home/javier/.local/gcc-4.9.4 --enable-languages=c,c++ --enable-multilib]
  ignore line: [Thread model: posix]
  ignore line: [gcc version 4.9.4 (GCC) ]
  ignore line: [COMPILER_PATH=/home/javier/.local/gcc-4.9.4/libexec/gcc/x86_64-unknown-linux-gnu/4.9.4/:/home/javier/.local/gcc-4.9.4/libexec/gcc/x86_64-unknown-linux-gnu/4.9.4/:/home/javier/.local/gcc-4.9.4/libexec/gcc/x86_64-unknown-linux-gnu/:/home/javier/.local/gcc-4.9.4/lib/gcc/x86_64-unknown-linux-gnu/4.9.4/:/home/javier/.local/gcc-4.9.4/lib/gcc/x86_64-unknown-linux-gnu/]
  ignore line: [LIBRARY_PATH=/home/javier/.local/lib/../lib64/:/home/javier/.local/gcc-4.9.4/lib/gcc/x86_64-unknown-linux-gnu/4.9.4/:/home/javier/.local/gcc-4.9.4/lib/gcc/x86_64-unknown-linux-gnu/4.9.4/../../../../lib64/:/lib/../lib64/:/usr/lib/../lib64/:./:/home/javier/.local/lib/:/home/javier/.local/gcc-4.9.4/lib/gcc/x86_64-unknown-linux-gnu/4.9.4/../../../:/lib/:/usr/lib/]
  ignore line: [COLLECT_GCC_OPTIONS='-v' '-rdynamic' '-o' 'cmTC_250e8' '-mtune=generic' '-march=x86-64']
  link line: [ /home/javier/.local/gcc-4.9.4/libexec/gcc/x86_64-unknown-linux-gnu/4.9.4/collect2 --eh-frame-hdr -m elf_x86_64 -export-dynamic -dynamic-linker /lib64/ld-linux-x86-64.so.2 -o cmTC_250e8 /usr/lib/../lib64/crt1.o /usr/lib/../lib64/crti.o /home/javier/.local/gcc-4.9.4/lib/gcc/x86_64-unknown-linux-gnu/4.9.4/crtbegin.o -L/home/javier/.local/lib/../lib64 -L/home/javier/.local/gcc-4.9.4/lib/gcc/x86_64-unknown-linux-gnu/4.9.4 -L/home/javier/.local/gcc-4.9.4/lib/gcc/x86_64-unknown-linux-gnu/4.9.4/../../../../lib64 -L/lib/../lib64 -L/usr/lib/../lib64 -L. -L/home/javier/.local/lib -L/home/javier/.local/gcc-4.9.4/lib/gcc/x86_64-unknown-linux-gnu/4.9.4/../../.. CMakeFiles/cmTC_250e8.dir/CMakeCCompilerABI.c.o -lgcc --as-needed -lgcc_s --no-as-needed -lc -lgcc --as-needed -lgcc_s --no-as-needed /home/javier/.local/gcc-4.9.4/lib/gcc/x86_64-unknown-linux-gnu/4.9.4/crtend.o /usr/lib/../lib64/crtn.o]
    arg [/home/javier/.local/gcc-4.9.4/libexec/gcc/x86_64-unknown-linux-gnu/4.9.4/collect2] ==> ignore
    arg [--eh-frame-hdr] ==> ignore
    arg [-m] ==> ignore
    arg [elf_x86_64] ==> ignore
    arg [-export-dynamic] ==> ignore
    arg [-dynamic-linker] ==> ignore
    arg [/lib64/ld-linux-x86-64.so.2] ==> ignore
    arg [-o] ==> ignore
    arg [cmTC_250e8] ==> ignore
    arg [/usr/lib/../lib64/crt1.o] ==> ignore
    arg [/usr/lib/../lib64/crti.o] ==> ignore
    arg [/home/javier/.local/gcc-4.9.4/lib/gcc/x86_64-unknown-linux-gnu/4.9.4/crtbegin.o] ==> ignore
    arg [-L/home/javier/.local/lib/../lib64] ==> dir [/home/javier/.local/lib/../lib64]
    arg [-L/home/javier/.local/gcc-4.9.4/lib/gcc/x86_64-unknown-linux-gnu/4.9.4] ==> dir [/home/javier/.local/gcc-4.9.4/lib/gcc/x86_64-unknown-linux-gnu/4.9.4]
    arg [-L/home/javier/.local/gcc-4.9.4/lib/gcc/x86_64-unknown-linux-gnu/4.9.4/../../../../lib64] ==> dir [/home/javier/.local/gcc-4.9.4/lib/gcc/x86_64-unknown-linux-gnu/4.9.4/../../../../lib64]
    arg [-L/lib/../lib64] ==> dir [/lib/../lib64]
    arg [-L/usr/lib/../lib64] ==> dir [/usr/lib/../lib64]
    arg [-L.] ==> ignore
    arg [-L/home/javier/.local/lib] ==> dir [/home/javier/.local/lib]
    arg [-L/home/javier/.local/gcc-4.9.4/lib/gcc/x86_64-unknown-linux-gnu/4.9.4/../../..] ==> dir [/home/javier/.local/gcc-4.9.4/lib/gcc/x86_64-unknown-linux-gnu/4.9.4/../../..]
    arg [CMakeFiles/cmTC_250e8.dir/CMakeCCompilerABI.c.o] ==> ignore
    arg [-lgcc] ==> lib [gcc]
    arg [--as-needed] ==> ignore
    arg [-lgcc_s] ==> lib [gcc_s]
    arg [--no-as-needed] ==> ignore
    arg [-lc] ==> lib [c]
    arg [-lgcc] ==> lib [gcc]
    arg [--as-needed] ==> ignore
    arg [-lgcc_s] ==> lib [gcc_s]
    arg [--no-as-needed] ==> ignore
    arg [/home/javier/.local/gcc-4.9.4/lib/gcc/x86_64-unknown-linux-gnu/4.9.4/crtend.o] ==> ignore
    arg [/usr/lib/../lib64/crtn.o] ==> ignore
  remove lib [gcc]
  remove lib [gcc_s]
  remove lib [gcc]
  remove lib [gcc_s]
  collapse library dir [/home/javier/.local/lib/../lib64] ==> [/home/javier/.local/lib64]
  collapse library dir [/home/javier/.local/gcc-4.9.4/lib/gcc/x86_64-unknown-linux-gnu/4.9.4] ==> [/home/javier/.local/gcc-4.9.4/lib/gcc/x86_64-unknown-linux-gnu/4.9.4]
  collapse library dir [/home/javier/.local/gcc-4.9.4/lib/gcc/x86_64-unknown-linux-gnu/4.9.4/../../../../lib64] ==> [/home/javier/.local/gcc-4.9.4/lib64]
  collapse library dir [/lib/../lib64] ==> [/lib64]
  collapse library dir [/usr/lib/../lib64] ==> [/usr/lib64]
  collapse library dir [/home/javier/.local/lib] ==> [/home/javier/.local/lib]
  collapse library dir [/home/javier/.local/gcc-4.9.4/lib/gcc/x86_64-unknown-linux-gnu/4.9.4/../../..] ==> [/home/javier/.local/gcc-4.9.4/lib]
  implicit libs: [c]
  implicit dirs: [/home/javier/.local/lib64;/home/javier/.local/gcc-4.9.4/lib/gcc/x86_64-unknown-linux-gnu/4.9.4;/home/javier/.local/gcc-4.9.4/lib64;/lib64;/usr/lib64;/home/javier/.local/lib;/home/javier/.local/gcc-4.9.4/lib]
  implicit fwks: []




Detecting C [-std=c11] compiler features compiled with the following output:
Change Dir: /home/javier/rcnn/py-faster-rcnn/caffe-fast-rcnn/CMakeFiles/CMakeTmp

Run Build Command:"/usr/bin/gmake" "cmTC_0b4d7/fast"
/usr/bin/gmake -f CMakeFiles/cmTC_0b4d7.dir/build.make CMakeFiles/cmTC_0b4d7.dir/build
gmake[1]: Entering directory `/home/javier/rcnn/py-faster-rcnn/caffe-fast-rcnn/CMakeFiles/CMakeTmp'
Building C object CMakeFiles/cmTC_0b4d7.dir/feature_tests.c.o
/home/javier/.local/gcc-4.9.4/bin/gcc   -std=c11 -o CMakeFiles/cmTC_0b4d7.dir/feature_tests.c.o   -c /home/javier/rcnn/py-faster-rcnn/caffe-fast-rcnn/CMakeFiles/feature_tests.c
Linking C executable cmTC_0b4d7
/home/javier/.local/bin/cmake -E cmake_link_script CMakeFiles/cmTC_0b4d7.dir/link.txt --verbose=1
/home/javier/.local/gcc-4.9.4/bin/gcc      -rdynamic CMakeFiles/cmTC_0b4d7.dir/feature_tests.c.o  -o cmTC_0b4d7 
gmake[1]: Leaving directory `/home/javier/rcnn/py-faster-rcnn/caffe-fast-rcnn/CMakeFiles/CMakeTmp'


    Feature record: C_FEATURE:1c_function_prototypes
    Feature record: C_FEATURE:1c_restrict
    Feature record: C_FEATURE:1c_static_assert
    Feature record: C_FEATURE:1c_variadic_macros


Detecting C [-std=c99] compiler features compiled with the following output:
Change Dir: /home/javier/rcnn/py-faster-rcnn/caffe-fast-rcnn/CMakeFiles/CMakeTmp

Run Build Command:"/usr/bin/gmake" "cmTC_8b71f/fast"
/usr/bin/gmake -f CMakeFiles/cmTC_8b71f.dir/build.make CMakeFiles/cmTC_8b71f.dir/build
gmake[1]: Entering directory `/home/javier/rcnn/py-faster-rcnn/caffe-fast-rcnn/CMakeFiles/CMakeTmp'
Building C object CMakeFiles/cmTC_8b71f.dir/feature_tests.c.o
/home/javier/.local/gcc-4.9.4/bin/gcc   -std=c99 -o CMakeFiles/cmTC_8b71f.dir/feature_tests.c.o   -c /home/javier/rcnn/py-faster-rcnn/caffe-fast-rcnn/CMakeFiles/feature_tests.c
Linking C executable cmTC_8b71f
/home/javier/.local/bin/cmake -E cmake_link_script CMakeFiles/cmTC_8b71f.dir/link.txt --verbose=1
/home/javier/.local/gcc-4.9.4/bin/gcc      -rdynamic CMakeFiles/cmTC_8b71f.dir/feature_tests.c.o  -o cmTC_8b71f 
gmake[1]: Leaving directory `/home/javier/rcnn/py-faster-rcnn/caffe-fast-rcnn/CMakeFiles/CMakeTmp'


    Feature record: C_FEATURE:1c_function_prototypes
    Feature record: C_FEATURE:1c_restrict
    Feature record: C_FEATURE:0c_static_assert
    Feature record: C_FEATURE:1c_variadic_macros


Detecting C [-std=c90] compiler features compiled with the following output:
Change Dir: /home/javier/rcnn/py-faster-rcnn/caffe-fast-rcnn/CMakeFiles/CMakeTmp

Run Build Command:"/usr/bin/gmake" "cmTC_89a19/fast"
/usr/bin/gmake -f CMakeFiles/cmTC_89a19.dir/build.make CMakeFiles/cmTC_89a19.dir/build
gmake[1]: Entering directory `/home/javier/rcnn/py-faster-rcnn/caffe-fast-rcnn/CMakeFiles/CMakeTmp'
Building C object CMakeFiles/cmTC_89a19.dir/feature_tests.c.o
/home/javier/.local/gcc-4.9.4/bin/gcc   -std=c90 -o CMakeFiles/cmTC_89a19.dir/feature_tests.c.o   -c /home/javier/rcnn/py-faster-rcnn/caffe-fast-rcnn/CMakeFiles/feature_tests.c
Linking C executable cmTC_89a19
/home/javier/.local/bin/cmake -E cmake_link_script CMakeFiles/cmTC_89a19.dir/link.txt --verbose=1
/home/javier/.local/gcc-4.9.4/bin/gcc      -rdynamic CMakeFiles/cmTC_89a19.dir/feature_tests.c.o  -o cmTC_89a19 
gmake[1]: Leaving directory `/home/javier/rcnn/py-faster-rcnn/caffe-fast-rcnn/CMakeFiles/CMakeTmp'


    Feature record: C_FEATURE:1c_function_prototypes
    Feature record: C_FEATURE:0c_restrict
    Feature record: C_FEATURE:0c_static_assert
    Feature record: C_FEATURE:0c_variadic_macros
Determining if the CXX compiler works passed with the following output:
Change Dir: /home/javier/rcnn/py-faster-rcnn/caffe-fast-rcnn/CMakeFiles/CMakeTmp

Run Build Command:"/usr/bin/gmake" "cmTC_da1f9/fast"
/usr/bin/gmake -f CMakeFiles/cmTC_da1f9.dir/build.make CMakeFiles/cmTC_da1f9.dir/build
gmake[1]: Entering directory `/home/javier/rcnn/py-faster-rcnn/caffe-fast-rcnn/CMakeFiles/CMakeTmp'
Building CXX object CMakeFiles/cmTC_da1f9.dir/testCXXCompiler.cxx.o
/home/javier/.local/gcc-4.9.4/bin/g++    -std=c++11    -o CMakeFiles/cmTC_da1f9.dir/testCXXCompiler.cxx.o -c /home/javier/rcnn/py-faster-rcnn/caffe-fast-rcnn/CMakeFiles/CMakeTmp/testCXXCompiler.cxx
Linking CXX executable cmTC_da1f9
/home/javier/.local/bin/cmake -E cmake_link_script CMakeFiles/cmTC_da1f9.dir/link.txt --verbose=1
/home/javier/.local/gcc-4.9.4/bin/g++  -std=c++11     -rdynamic CMakeFiles/cmTC_da1f9.dir/testCXXCompiler.cxx.o  -o cmTC_da1f9 
gmake[1]: Leaving directory `/home/javier/rcnn/py-faster-rcnn/caffe-fast-rcnn/CMakeFiles/CMakeTmp'


Detecting CXX compiler ABI info compiled with the following output:
Change Dir: /home/javier/rcnn/py-faster-rcnn/caffe-fast-rcnn/CMakeFiles/CMakeTmp

Run Build Command:"/usr/bin/gmake" "cmTC_101ac/fast"
/usr/bin/gmake -f CMakeFiles/cmTC_101ac.dir/build.make CMakeFiles/cmTC_101ac.dir/build
gmake[1]: Entering directory `/home/javier/rcnn/py-faster-rcnn/caffe-fast-rcnn/CMakeFiles/CMakeTmp'
Building CXX object CMakeFiles/cmTC_101ac.dir/CMakeCXXCompilerABI.cpp.o
/home/javier/.local/gcc-4.9.4/bin/g++    -std=c++11    -o CMakeFiles/cmTC_101ac.dir/CMakeCXXCompilerABI.cpp.o -c /home/javier/.local/share/cmake-3.8/Modules/CMakeCXXCompilerABI.cpp
Linking CXX executable cmTC_101ac
/home/javier/.local/bin/cmake -E cmake_link_script CMakeFiles/cmTC_101ac.dir/link.txt --verbose=1
/home/javier/.local/gcc-4.9.4/bin/g++  -std=c++11    -v -rdynamic CMakeFiles/cmTC_101ac.dir/CMakeCXXCompilerABI.cpp.o  -o cmTC_101ac 
Using built-in specs.
COLLECT_GCC=/home/javier/.local/gcc-4.9.4/bin/g++
COLLECT_LTO_WRAPPER=/home/javier/.local/gcc-4.9.4/libexec/gcc/x86_64-unknown-linux-gnu/4.9.4/lto-wrapper
Target: x86_64-unknown-linux-gnu
Configured with: ../gcc-4.9.4/configure --prefix=/home/javier/.local/gcc-4.9.4 --enable-languages=c,c++ --enable-multilib
Thread model: posix
gcc version 4.9.4 (GCC) 
COMPILER_PATH=/home/javier/.local/gcc-4.9.4/libexec/gcc/x86_64-unknown-linux-gnu/4.9.4/:/home/javier/.local/gcc-4.9.4/libexec/gcc/x86_64-unknown-linux-gnu/4.9.4/:/home/javier/.local/gcc-4.9.4/libexec/gcc/x86_64-unknown-linux-gnu/:/home/javier/.local/gcc-4.9.4/lib/gcc/x86_64-unknown-linux-gnu/4.9.4/:/home/javier/.local/gcc-4.9.4/lib/gcc/x86_64-unknown-linux-gnu/
LIBRARY_PATH=/home/javier/.local/lib/../lib64/:/home/javier/.local/gcc-4.9.4/lib/gcc/x86_64-unknown-linux-gnu/4.9.4/:/home/javier/.local/gcc-4.9.4/lib/gcc/x86_64-unknown-linux-gnu/4.9.4/../../../../lib64/:/lib/../lib64/:/usr/lib/../lib64/:./:/home/javier/.local/lib/:/home/javier/.local/gcc-4.9.4/lib/gcc/x86_64-unknown-linux-gnu/4.9.4/../../../:/lib/:/usr/lib/
COLLECT_GCC_OPTIONS='-std=c++11' '-v' '-rdynamic' '-o' 'cmTC_101ac' '-shared-libgcc' '-mtune=generic' '-march=x86-64'
 /home/javier/.local/gcc-4.9.4/libexec/gcc/x86_64-unknown-linux-gnu/4.9.4/collect2 --eh-frame-hdr -m elf_x86_64 -export-dynamic -dynamic-linker /lib64/ld-linux-x86-64.so.2 -o cmTC_101ac /usr/lib/../lib64/crt1.o /usr/lib/../lib64/crti.o /home/javier/.local/gcc-4.9.4/lib/gcc/x86_64-unknown-linux-gnu/4.9.4/crtbegin.o -L/home/javier/.local/lib/../lib64 -L/home/javier/.local/gcc-4.9.4/lib/gcc/x86_64-unknown-linux-gnu/4.9.4 -L/home/javier/.local/gcc-4.9.4/lib/gcc/x86_64-unknown-linux-gnu/4.9.4/../../../../lib64 -L/lib/../lib64 -L/usr/lib/../lib64 -L. -L/home/javier/.local/lib -L/home/javier/.local/gcc-4.9.4/lib/gcc/x86_64-unknown-linux-gnu/4.9.4/../../.. CMakeFiles/cmTC_101ac.dir/CMakeCXXCompilerABI.cpp.o -lstdc++ -lm -lgcc_s -lgcc -lc -lgcc_s -lgcc /home/javier/.local/gcc-4.9.4/lib/gcc/x86_64-unknown-linux-gnu/4.9.4/crtend.o /usr/lib/../lib64/crtn.o
gmake[1]: Leaving directory `/home/javier/rcnn/py-faster-rcnn/caffe-fast-rcnn/CMakeFiles/CMakeTmp'


Parsed CXX implicit link information from above output:
  link line regex: [^( *|.*[/\])(ld|([^/\]+-)?ld|collect2)[^/\]*( |$)]
  ignore line: [Change Dir: /home/javier/rcnn/py-faster-rcnn/caffe-fast-rcnn/CMakeFiles/CMakeTmp]
  ignore line: []
  ignore line: [Run Build Command:"/usr/bin/gmake" "cmTC_101ac/fast"]
  ignore line: [/usr/bin/gmake -f CMakeFiles/cmTC_101ac.dir/build.make CMakeFiles/cmTC_101ac.dir/build]
  ignore line: [gmake[1]: Entering directory `/home/javier/rcnn/py-faster-rcnn/caffe-fast-rcnn/CMakeFiles/CMakeTmp']
  ignore line: [Building CXX object CMakeFiles/cmTC_101ac.dir/CMakeCXXCompilerABI.cpp.o]
  ignore line: [/home/javier/.local/gcc-4.9.4/bin/g++    -std=c++11    -o CMakeFiles/cmTC_101ac.dir/CMakeCXXCompilerABI.cpp.o -c /home/javier/.local/share/cmake-3.8/Modules/CMakeCXXCompilerABI.cpp]
  ignore line: [Linking CXX executable cmTC_101ac]
  ignore line: [/home/javier/.local/bin/cmake -E cmake_link_script CMakeFiles/cmTC_101ac.dir/link.txt --verbose=1]
  ignore line: [/home/javier/.local/gcc-4.9.4/bin/g++  -std=c++11    -v -rdynamic CMakeFiles/cmTC_101ac.dir/CMakeCXXCompilerABI.cpp.o  -o cmTC_101ac ]
  ignore line: [Using built-in specs.]
  ignore line: [COLLECT_GCC=/home/javier/.local/gcc-4.9.4/bin/g++]
  ignore line: [COLLECT_LTO_WRAPPER=/home/javier/.local/gcc-4.9.4/libexec/gcc/x86_64-unknown-linux-gnu/4.9.4/lto-wrapper]
  ignore line: [Target: x86_64-unknown-linux-gnu]
  ignore line: [Configured with: ../gcc-4.9.4/configure --prefix=/home/javier/.local/gcc-4.9.4 --enable-languages=c,c++ --enable-multilib]
  ignore line: [Thread model: posix]
  ignore line: [gcc version 4.9.4 (GCC) ]
  ignore line: [COMPILER_PATH=/home/javier/.local/gcc-4.9.4/libexec/gcc/x86_64-unknown-linux-gnu/4.9.4/:/home/javier/.local/gcc-4.9.4/libexec/gcc/x86_64-unknown-linux-gnu/4.9.4/:/home/javier/.local/gcc-4.9.4/libexec/gcc/x86_64-unknown-linux-gnu/:/home/javier/.local/gcc-4.9.4/lib/gcc/x86_64-unknown-linux-gnu/4.9.4/:/home/javier/.local/gcc-4.9.4/lib/gcc/x86_64-unknown-linux-gnu/]
  ignore line: [LIBRARY_PATH=/home/javier/.local/lib/../lib64/:/home/javier/.local/gcc-4.9.4/lib/gcc/x86_64-unknown-linux-gnu/4.9.4/:/home/javier/.local/gcc-4.9.4/lib/gcc/x86_64-unknown-linux-gnu/4.9.4/../../../../lib64/:/lib/../lib64/:/usr/lib/../lib64/:./:/home/javier/.local/lib/:/home/javier/.local/gcc-4.9.4/lib/gcc/x86_64-unknown-linux-gnu/4.9.4/../../../:/lib/:/usr/lib/]
  ignore line: [COLLECT_GCC_OPTIONS='-std=c++11' '-v' '-rdynamic' '-o' 'cmTC_101ac' '-shared-libgcc' '-mtune=generic' '-march=x86-64']
  link line: [ /home/javier/.local/gcc-4.9.4/libexec/gcc/x86_64-unknown-linux-gnu/4.9.4/collect2 --eh-frame-hdr -m elf_x86_64 -export-dynamic -dynamic-linker /lib64/ld-linux-x86-64.so.2 -o cmTC_101ac /usr/lib/../lib64/crt1.o /usr/lib/../lib64/crti.o /home/javier/.local/gcc-4.9.4/lib/gcc/x86_64-unknown-linux-gnu/4.9.4/crtbegin.o -L/home/javier/.local/lib/../lib64 -L/home/javier/.local/gcc-4.9.4/lib/gcc/x86_64-unknown-linux-gnu/4.9.4 -L/home/javier/.local/gcc-4.9.4/lib/gcc/x86_64-unknown-linux-gnu/4.9.4/../../../../lib64 -L/lib/../lib64 -L/usr/lib/../lib64 -L. -L/home/javier/.local/lib -L/home/javier/.local/gcc-4.9.4/lib/gcc/x86_64-unknown-linux-gnu/4.9.4/../../.. CMakeFiles/cmTC_101ac.dir/CMakeCXXCompilerABI.cpp.o -lstdc++ -lm -lgcc_s -lgcc -lc -lgcc_s -lgcc /home/javier/.local/gcc-4.9.4/lib/gcc/x86_64-unknown-linux-gnu/4.9.4/crtend.o /usr/lib/../lib64/crtn.o]
    arg [/home/javier/.local/gcc-4.9.4/libexec/gcc/x86_64-unknown-linux-gnu/4.9.4/collect2] ==> ignore
    arg [--eh-frame-hdr] ==> ignore
    arg [-m] ==> ignore
    arg [elf_x86_64] ==> ignore
    arg [-export-dynamic] ==> ignore
    arg [-dynamic-linker] ==> ignore
    arg [/lib64/ld-linux-x86-64.so.2] ==> ignore
    arg [-o] ==> ignore
    arg [cmTC_101ac] ==> ignore
    arg [/usr/lib/../lib64/crt1.o] ==> ignore
    arg [/usr/lib/../lib64/crti.o] ==> ignore
    arg [/home/javier/.local/gcc-4.9.4/lib/gcc/x86_64-unknown-linux-gnu/4.9.4/crtbegin.o] ==> ignore
    arg [-L/home/javier/.local/lib/../lib64] ==> dir [/home/javier/.local/lib/../lib64]
    arg [-L/home/javier/.local/gcc-4.9.4/lib/gcc/x86_64-unknown-linux-gnu/4.9.4] ==> dir [/home/javier/.local/gcc-4.9.4/lib/gcc/x86_64-unknown-linux-gnu/4.9.4]
    arg [-L/home/javier/.local/gcc-4.9.4/lib/gcc/x86_64-unknown-linux-gnu/4.9.4/../../../../lib64] ==> dir [/home/javier/.local/gcc-4.9.4/lib/gcc/x86_64-unknown-linux-gnu/4.9.4/../../../../lib64]
    arg [-L/lib/../lib64] ==> dir [/lib/../lib64]
    arg [-L/usr/lib/../lib64] ==> dir [/usr/lib/../lib64]
    arg [-L.] ==> ignore
    arg [-L/home/javier/.local/lib] ==> dir [/home/javier/.local/lib]
    arg [-L/home/javier/.local/gcc-4.9.4/lib/gcc/x86_64-unknown-linux-gnu/4.9.4/../../..] ==> dir [/home/javier/.local/gcc-4.9.4/lib/gcc/x86_64-unknown-linux-gnu/4.9.4/../../..]
    arg [CMakeFiles/cmTC_101ac.dir/CMakeCXXCompilerABI.cpp.o] ==> ignore
    arg [-lstdc++] ==> lib [stdc++]
    arg [-lm] ==> lib [m]
    arg [-lgcc_s] ==> lib [gcc_s]
    arg [-lgcc] ==> lib [gcc]
    arg [-lc] ==> lib [c]
    arg [-lgcc_s] ==> lib [gcc_s]
    arg [-lgcc] ==> lib [gcc]
    arg [/home/javier/.local/gcc-4.9.4/lib/gcc/x86_64-unknown-linux-gnu/4.9.4/crtend.o] ==> ignore
    arg [/usr/lib/../lib64/crtn.o] ==> ignore
  remove lib [gcc_s]
  remove lib [gcc]
  remove lib [gcc_s]
  remove lib [gcc]
  collapse library dir [/home/javier/.local/lib/../lib64] ==> [/home/javier/.local/lib64]
  collapse library dir [/home/javier/.local/gcc-4.9.4/lib/gcc/x86_64-unknown-linux-gnu/4.9.4] ==> [/home/javier/.local/gcc-4.9.4/lib/gcc/x86_64-unknown-linux-gnu/4.9.4]
  collapse library dir [/home/javier/.local/gcc-4.9.4/lib/gcc/x86_64-unknown-linux-gnu/4.9.4/../../../../lib64] ==> [/home/javier/.local/gcc-4.9.4/lib64]
  collapse library dir [/lib/../lib64] ==> [/lib64]
  collapse library dir [/usr/lib/../lib64] ==> [/usr/lib64]
  collapse library dir [/home/javier/.local/lib] ==> [/home/javier/.local/lib]
  collapse library dir [/home/javier/.local/gcc-4.9.4/lib/gcc/x86_64-unknown-linux-gnu/4.9.4/../../..] ==> [/home/javier/.local/gcc-4.9.4/lib]
  implicit libs: [stdc++;m;c]
  implicit dirs: [/home/javier/.local/lib64;/home/javier/.local/gcc-4.9.4/lib/gcc/x86_64-unknown-linux-gnu/4.9.4;/home/javier/.local/gcc-4.9.4/lib64;/lib64;/usr/lib64;/home/javier/.local/lib;/home/javier/.local/gcc-4.9.4/lib]
  implicit fwks: []




Detecting CXX [-std=c++14] compiler features compiled with the following output:
Change Dir: /home/javier/rcnn/py-faster-rcnn/caffe-fast-rcnn/CMakeFiles/CMakeTmp

Run Build Command:"/usr/bin/gmake" "cmTC_8600e/fast"
/usr/bin/gmake -f CMakeFiles/cmTC_8600e.dir/build.make CMakeFiles/cmTC_8600e.dir/build
gmake[1]: Entering directory `/home/javier/rcnn/py-faster-rcnn/caffe-fast-rcnn/CMakeFiles/CMakeTmp'
Building CXX object CMakeFiles/cmTC_8600e.dir/feature_tests.cxx.o
/home/javier/.local/gcc-4.9.4/bin/g++    -std=c++11    -std=c++14 -o CMakeFiles/cmTC_8600e.dir/feature_tests.cxx.o -c /home/javier/rcnn/py-faster-rcnn/caffe-fast-rcnn/CMakeFiles/feature_tests.cxx
Linking CXX executable cmTC_8600e
/home/javier/.local/bin/cmake -E cmake_link_script CMakeFiles/cmTC_8600e.dir/link.txt --verbose=1
/home/javier/.local/gcc-4.9.4/bin/g++  -std=c++11     -rdynamic CMakeFiles/cmTC_8600e.dir/feature_tests.cxx.o  -o cmTC_8600e 
gmake[1]: Leaving directory `/home/javier/rcnn/py-faster-rcnn/caffe-fast-rcnn/CMakeFiles/CMakeTmp'


    Feature record: CXX_FEATURE:0cxx_aggregate_default_initializers
    Feature record: CXX_FEATURE:1cxx_alias_templates
    Feature record: CXX_FEATURE:1cxx_alignas
    Feature record: CXX_FEATURE:1cxx_alignof
    Feature record: CXX_FEATURE:1cxx_attributes
    Feature record: CXX_FEATURE:1cxx_attribute_deprecated
    Feature record: CXX_FEATURE:1cxx_auto_type
    Feature record: CXX_FEATURE:1cxx_binary_literals
    Feature record: CXX_FEATURE:1cxx_constexpr
    Feature record: CXX_FEATURE:1cxx_contextual_conversions
    Feature record: CXX_FEATURE:1cxx_decltype
    Feature record: CXX_FEATURE:1cxx_decltype_auto
    Feature record: CXX_FEATURE:1cxx_decltype_incomplete_return_types
    Feature record: CXX_FEATURE:1cxx_default_function_template_args
    Feature record: CXX_FEATURE:1cxx_defaulted_functions
    Feature record: CXX_FEATURE:1cxx_defaulted_move_initializers
    Feature record: CXX_FEATURE:1cxx_delegating_constructors
    Feature record: CXX_FEATURE:1cxx_deleted_functions
    Feature record: CXX_FEATURE:1cxx_digit_separators
    Feature record: CXX_FEATURE:1cxx_enum_forward_declarations
    Feature record: CXX_FEATURE:1cxx_explicit_conversions
    Feature record: CXX_FEATURE:1cxx_extended_friend_declarations
    Feature record: CXX_FEATURE:1cxx_extern_templates
    Feature record: CXX_FEATURE:1cxx_final
    Feature record: CXX_FEATURE:1cxx_func_identifier
    Feature record: CXX_FEATURE:1cxx_generalized_initializers
    Feature record: CXX_FEATURE:1cxx_generic_lambdas
    Feature record: CXX_FEATURE:1cxx_inheriting_constructors
    Feature record: CXX_FEATURE:1cxx_inline_namespaces
    Feature record: CXX_FEATURE:1cxx_lambdas
    Feature record: CXX_FEATURE:1cxx_lambda_init_captures
    Feature record: CXX_FEATURE:1cxx_local_type_template_args
    Feature record: CXX_FEATURE:1cxx_long_long_type
    Feature record: CXX_FEATURE:1cxx_noexcept
    Feature record: CXX_FEATURE:1cxx_nonstatic_member_init
    Feature record: CXX_FEATURE:1cxx_nullptr
    Feature record: CXX_FEATURE:1cxx_override
    Feature record: CXX_FEATURE:1cxx_range_for
    Feature record: CXX_FEATURE:1cxx_raw_string_literals
    Feature record: CXX_FEATURE:1cxx_reference_qualified_functions
    Feature record: CXX_FEATURE:0cxx_relaxed_constexpr
    Feature record: CXX_FEATURE:1cxx_return_type_deduction
    Feature record: CXX_FEATURE:1cxx_right_angle_brackets
    Feature record: CXX_FEATURE:1cxx_rvalue_references
    Feature record: CXX_FEATURE:1cxx_sizeof_member
    Feature record: CXX_FEATURE:1cxx_static_assert
    Feature record: CXX_FEATURE:1cxx_strong_enums
    Feature record: CXX_FEATURE:1cxx_template_template_parameters
    Feature record: CXX_FEATURE:1cxx_thread_local
    Feature record: CXX_FEATURE:1cxx_trailing_return_types
    Feature record: CXX_FEATURE:1cxx_unicode_literals
    Feature record: CXX_FEATURE:1cxx_uniform_initialization
    Feature record: CXX_FEATURE:1cxx_unrestricted_unions
    Feature record: CXX_FEATURE:1cxx_user_literals
    Feature record: CXX_FEATURE:0cxx_variable_templates
    Feature record: CXX_FEATURE:1cxx_variadic_macros
    Feature record: CXX_FEATURE:1cxx_variadic_templates


Detecting CXX [-std=c++11] compiler features compiled with the following output:
Change Dir: /home/javier/rcnn/py-faster-rcnn/caffe-fast-rcnn/CMakeFiles/CMakeTmp

Run Build Command:"/usr/bin/gmake" "cmTC_f01f0/fast"
/usr/bin/gmake -f CMakeFiles/cmTC_f01f0.dir/build.make CMakeFiles/cmTC_f01f0.dir/build
gmake[1]: Entering directory `/home/javier/rcnn/py-faster-rcnn/caffe-fast-rcnn/CMakeFiles/CMakeTmp'
Building CXX object CMakeFiles/cmTC_f01f0.dir/feature_tests.cxx.o
/home/javier/.local/gcc-4.9.4/bin/g++    -std=c++11    -std=c++11 -o CMakeFiles/cmTC_f01f0.dir/feature_tests.cxx.o -c /home/javier/rcnn/py-faster-rcnn/caffe-fast-rcnn/CMakeFiles/feature_tests.cxx
Linking CXX executable cmTC_f01f0
/home/javier/.local/bin/cmake -E cmake_link_script CMakeFiles/cmTC_f01f0.dir/link.txt --verbose=1
/home/javier/.local/gcc-4.9.4/bin/g++  -std=c++11     -rdynamic CMakeFiles/cmTC_f01f0.dir/feature_tests.cxx.o  -o cmTC_f01f0 
gmake[1]: Leaving directory `/home/javier/rcnn/py-faster-rcnn/caffe-fast-rcnn/CMakeFiles/CMakeTmp'


    Feature record: CXX_FEATURE:0cxx_aggregate_default_initializers
    Feature record: CXX_FEATURE:1cxx_alias_templates
    Feature record: CXX_FEATURE:1cxx_alignas
    Feature record: CXX_FEATURE:1cxx_alignof
    Feature record: CXX_FEATURE:1cxx_attributes
    Feature record: CXX_FEATURE:0cxx_attribute_deprecated
    Feature record: CXX_FEATURE:1cxx_auto_type
    Feature record: CXX_FEATURE:0cxx_binary_literals
    Feature record: CXX_FEATURE:1cxx_constexpr
    Feature record: CXX_FEATURE:0cxx_contextual_conversions
    Feature record: CXX_FEATURE:1cxx_decltype
    Feature record: CXX_FEATURE:0cxx_decltype_auto
    Feature record: CXX_FEATURE:1cxx_decltype_incomplete_return_types
    Feature record: CXX_FEATURE:1cxx_default_function_template_args
    Feature record: CXX_FEATURE:1cxx_defaulted_functions
    Feature record: CXX_FEATURE:1cxx_defaulted_move_initializers
    Feature record: CXX_FEATURE:1cxx_delegating_constructors
    Feature record: CXX_FEATURE:1cxx_deleted_functions
    Feature record: CXX_FEATURE:0cxx_digit_separators
    Feature record: CXX_FEATURE:1cxx_enum_forward_declarations
    Feature record: CXX_FEATURE:1cxx_explicit_conversions
    Feature record: CXX_FEATURE:1cxx_extended_friend_declarations
    Feature record: CXX_FEATURE:1cxx_extern_templates
    Feature record: CXX_FEATURE:1cxx_final
    Feature record: CXX_FEATURE:1cxx_func_identifier
    Feature record: CXX_FEATURE:1cxx_generalized_initializers
    Feature record: CXX_FEATURE:0cxx_generic_lambdas
    Feature record: CXX_FEATURE:1cxx_inheriting_constructors
    Feature record: CXX_FEATURE:1cxx_inline_namespaces
    Feature record: CXX_FEATURE:1cxx_lambdas
    Feature record: CXX_FEATURE:0cxx_lambda_init_captures
    Feature record: CXX_FEATURE:1cxx_local_type_template_args
    Feature record: CXX_FEATURE:1cxx_long_long_type
    Feature record: CXX_FEATURE:1cxx_noexcept
    Feature record: CXX_FEATURE:1cxx_nonstatic_member_init
    Feature record: CXX_FEATURE:1cxx_nullptr
    Feature record: CXX_FEATURE:1cxx_override
    Feature record: CXX_FEATURE:1cxx_range_for
    Feature record: CXX_FEATURE:1cxx_raw_string_literals
    Feature record: CXX_FEATURE:1cxx_reference_qualified_functions
    Feature record: CXX_FEATURE:0cxx_relaxed_constexpr
    Feature record: CXX_FEATURE:0cxx_return_type_deduction
    Feature record: CXX_FEATURE:1cxx_right_angle_brackets
    Feature record: CXX_FEATURE:1cxx_rvalue_references
    Feature record: CXX_FEATURE:1cxx_sizeof_member
    Feature record: CXX_FEATURE:1cxx_static_assert
    Feature record: CXX_FEATURE:1cxx_strong_enums
    Feature record: CXX_FEATURE:1cxx_template_template_parameters
    Feature record: CXX_FEATURE:1cxx_thread_local
    Feature record: CXX_FEATURE:1cxx_trailing_return_types
    Feature record: CXX_FEATURE:1cxx_unicode_literals
    Feature record: CXX_FEATURE:1cxx_uniform_initialization
    Feature record: CXX_FEATURE:1cxx_unrestricted_unions
    Feature record: CXX_FEATURE:1cxx_user_literals
    Feature record: CXX_FEATURE:0cxx_variable_templates
    Feature record: CXX_FEATURE:1cxx_variadic_macros
    Feature record: CXX_FEATURE:1cxx_variadic_templates


Detecting CXX [-std=c++98] compiler features compiled with the following output:
Change Dir: /home/javier/rcnn/py-faster-rcnn/caffe-fast-rcnn/CMakeFiles/CMakeTmp

Run Build Command:"/usr/bin/gmake" "cmTC_60447/fast"
/usr/bin/gmake -f CMakeFiles/cmTC_60447.dir/build.make CMakeFiles/cmTC_60447.dir/build
gmake[1]: Entering directory `/home/javier/rcnn/py-faster-rcnn/caffe-fast-rcnn/CMakeFiles/CMakeTmp'
Building CXX object CMakeFiles/cmTC_60447.dir/feature_tests.cxx.o
/home/javier/.local/gcc-4.9.4/bin/g++    -std=c++11    -std=c++98 -o CMakeFiles/cmTC_60447.dir/feature_tests.cxx.o -c /home/javier/rcnn/py-faster-rcnn/caffe-fast-rcnn/CMakeFiles/feature_tests.cxx
Linking CXX executable cmTC_60447
/home/javier/.local/bin/cmake -E cmake_link_script CMakeFiles/cmTC_60447.dir/link.txt --verbose=1
/home/javier/.local/gcc-4.9.4/bin/g++  -std=c++11     -rdynamic CMakeFiles/cmTC_60447.dir/feature_tests.cxx.o  -o cmTC_60447 
gmake[1]: Leaving directory `/home/javier/rcnn/py-faster-rcnn/caffe-fast-rcnn/CMakeFiles/CMakeTmp'


    Feature record: CXX_FEATURE:0cxx_aggregate_default_initializers
    Feature record: CXX_FEATURE:0cxx_alias_templates
    Feature record: CXX_FEATURE:0cxx_alignas
    Feature record: CXX_FEATURE:0cxx_alignof
    Feature record: CXX_FEATURE:0cxx_attributes
    Feature record: CXX_FEATURE:0cxx_attribute_deprecated
    Feature record: CXX_FEATURE:0cxx_auto_type
    Feature record: CXX_FEATURE:0cxx_binary_literals
    Feature record: CXX_FEATURE:0cxx_constexpr
    Feature record: CXX_FEATURE:0cxx_contextual_conversions
    Feature record: CXX_FEATURE:0cxx_decltype
    Feature record: CXX_FEATURE:0cxx_decltype_auto
    Feature record: CXX_FEATURE:0cxx_decltype_incomplete_return_types
    Feature record: CXX_FEATURE:0cxx_default_function_template_args
    Feature record: CXX_FEATURE:0cxx_defaulted_functions
    Feature record: CXX_FEATURE:0cxx_defaulted_move_initializers
    Feature record: CXX_FEATURE:0cxx_delegating_constructors
    Feature record: CXX_FEATURE:0cxx_deleted_functions
    Feature record: CXX_FEATURE:0cxx_digit_separators
    Feature record: CXX_FEATURE:0cxx_enum_forward_declarations
    Feature record: CXX_FEATURE:0cxx_explicit_conversions
    Feature record: CXX_FEATURE:0cxx_extended_friend_declarations
    Feature record: CXX_FEATURE:0cxx_extern_templates
    Feature record: CXX_FEATURE:0cxx_final
    Feature record: CXX_FEATURE:0cxx_func_identifier
    Feature record: CXX_FEATURE:0cxx_generalized_initializers
    Feature record: CXX_FEATURE:0cxx_generic_lambdas
    Feature record: CXX_FEATURE:0cxx_inheriting_constructors
    Feature record: CXX_FEATURE:0cxx_inline_namespaces
    Feature record: CXX_FEATURE:0cxx_lambdas
    Feature record: CXX_FEATURE:0cxx_lambda_init_captures
    Feature record: CXX_FEATURE:0cxx_local_type_template_args
    Feature record: CXX_FEATURE:0cxx_long_long_type
    Feature record: CXX_FEATURE:0cxx_noexcept
    Feature record: CXX_FEATURE:0cxx_nonstatic_member_init
    Feature record: CXX_FEATURE:0cxx_nullptr
    Feature record: CXX_FEATURE:0cxx_override
    Feature record: CXX_FEATURE:0cxx_range_for
    Feature record: CXX_FEATURE:0cxx_raw_string_literals
    Feature record: CXX_FEATURE:0cxx_reference_qualified_functions
    Feature record: CXX_FEATURE:0cxx_relaxed_constexpr
    Feature record: CXX_FEATURE:0cxx_return_type_deduction
    Feature record: CXX_FEATURE:0cxx_right_angle_brackets
    Feature record: CXX_FEATURE:0cxx_rvalue_references
    Feature record: CXX_FEATURE:0cxx_sizeof_member
    Feature record: CXX_FEATURE:0cxx_static_assert
    Feature record: CXX_FEATURE:0cxx_strong_enums
    Feature record: CXX_FEATURE:1cxx_template_template_parameters
    Feature record: CXX_FEATURE:0cxx_thread_local
    Feature record: CXX_FEATURE:0cxx_trailing_return_types
    Feature record: CXX_FEATURE:0cxx_unicode_literals
    Feature record: CXX_FEATURE:0cxx_uniform_initialization
    Feature record: CXX_FEATURE:0cxx_unrestricted_unions
    Feature record: CXX_FEATURE:0cxx_user_literals
    Feature record: CXX_FEATURE:0cxx_variable_templates
    Feature record: CXX_FEATURE:0cxx_variadic_macros
    Feature record: CXX_FEATURE:0cxx_variadic_templates
Determining if the include file pthread.h exists passed with the following output:
Change Dir: /home/javier/rcnn/py-faster-rcnn/caffe-fast-rcnn/CMakeFiles/CMakeTmp

Run Build Command:"/usr/bin/gmake" "cmTC_0e41b/fast"
/usr/bin/gmake -f CMakeFiles/cmTC_0e41b.dir/build.make CMakeFiles/cmTC_0e41b.dir/build
gmake[1]: Entering directory `/home/javier/rcnn/py-faster-rcnn/caffe-fast-rcnn/CMakeFiles/CMakeTmp'
Building C object CMakeFiles/cmTC_0e41b.dir/CheckIncludeFile.c.o
/home/javier/.local/gcc-4.9.4/bin/gcc    -o CMakeFiles/cmTC_0e41b.dir/CheckIncludeFile.c.o   -c /home/javier/rcnn/py-faster-rcnn/caffe-fast-rcnn/CMakeFiles/CMakeTmp/CheckIncludeFile.c
Linking C executable cmTC_0e41b
/home/javier/.local/bin/cmake -E cmake_link_script CMakeFiles/cmTC_0e41b.dir/link.txt --verbose=1
/home/javier/.local/gcc-4.9.4/bin/gcc      -rdynamic CMakeFiles/cmTC_0e41b.dir/CheckIncludeFile.c.o  -o cmTC_0e41b 
gmake[1]: Leaving directory `/home/javier/rcnn/py-faster-rcnn/caffe-fast-rcnn/CMakeFiles/CMakeTmp'


Determining if the function pthread_create exists in the pthread passed with the following output:
Change Dir: /home/javier/rcnn/py-faster-rcnn/caffe-fast-rcnn/CMakeFiles/CMakeTmp

Run Build Command:"/usr/bin/gmake" "cmTC_14da7/fast"
/usr/bin/gmake -f CMakeFiles/cmTC_14da7.dir/build.make CMakeFiles/cmTC_14da7.dir/build
gmake[1]: Entering directory `/home/javier/rcnn/py-faster-rcnn/caffe-fast-rcnn/CMakeFiles/CMakeTmp'
Building C object CMakeFiles/cmTC_14da7.dir/CheckFunctionExists.c.o
/home/javier/.local/gcc-4.9.4/bin/gcc   -DCHECK_FUNCTION_EXISTS=pthread_create   -o CMakeFiles/cmTC_14da7.dir/CheckFunctionExists.c.o   -c /home/javier/.local/share/cmake-3.8/Modules/CheckFunctionExists.c
Linking C executable cmTC_14da7
/home/javier/.local/bin/cmake -E cmake_link_script CMakeFiles/cmTC_14da7.dir/link.txt --verbose=1
/home/javier/.local/gcc-4.9.4/bin/gcc  -DCHECK_FUNCTION_EXISTS=pthread_create    -rdynamic CMakeFiles/cmTC_14da7.dir/CheckFunctionExists.c.o  -o cmTC_14da7 -lpthread 
gmake[1]: Leaving directory `/home/javier/rcnn/py-faster-rcnn/caffe-fast-rcnn/CMakeFiles/CMakeTmp'


The system is: Linux - 4.4.0-145-generic - x86_64
Compiling the C compiler identification source file "CMakeCCompilerId.c" succeeded.
Compiler: /usr/bin/cc 
Build flags: 
Id flags: 

The output was:
0


Compilation of the C compiler identification source "CMakeCCompilerId.c" produced "a.out"

The C compiler identification is GNU, found in "/home/taihu/Documentos/jcorti_bkp/rcnn/py-faster-rcnn/caffe-fast-rcnn/CMakeFiles/3.5.1/CompilerIdC/a.out"

Compiling the CXX compiler identification source file "CMakeCXXCompilerId.cpp" succeeded.
Compiler: /usr/bin/c++ 
Build flags: 
Id flags: 

The output was:
0


Compilation of the CXX compiler identification source "CMakeCXXCompilerId.cpp" produced "a.out"

The CXX compiler identification is GNU, found in "/home/taihu/Documentos/jcorti_bkp/rcnn/py-faster-rcnn/caffe-fast-rcnn/CMakeFiles/3.5.1/CompilerIdCXX/a.out"

Determining if the C compiler works passed with the following output:
Change Dir: /home/taihu/Documentos/jcorti_bkp/rcnn/py-faster-rcnn/caffe-fast-rcnn/CMakeFiles/CMakeTmp

Run Build Command:"/usr/bin/make" "cmTC_61b71/fast"
make[1]: se entra en el directorio '/home/taihu/Documentos/jcorti_bkp/rcnn/py-faster-rcnn/caffe-fast-rcnn/CMakeFiles/CMakeTmp'
/usr/bin/make -f CMakeFiles/cmTC_61b71.dir/build.make CMakeFiles/cmTC_61b71.dir/build
make[2]: se entra en el directorio '/home/taihu/Documentos/jcorti_bkp/rcnn/py-faster-rcnn/caffe-fast-rcnn/CMakeFiles/CMakeTmp'
Building C object CMakeFiles/cmTC_61b71.dir/testCCompiler.c.o
/usr/bin/cc     -o CMakeFiles/cmTC_61b71.dir/testCCompiler.c.o   -c /home/taihu/Documentos/jcorti_bkp/rcnn/py-faster-rcnn/caffe-fast-rcnn/CMakeFiles/CMakeTmp/testCCompiler.c
Linking C executable cmTC_61b71
/usr/bin/cmake -E cmake_link_script CMakeFiles/cmTC_61b71.dir/link.txt --verbose=1
/usr/bin/cc       CMakeFiles/cmTC_61b71.dir/testCCompiler.c.o  -o cmTC_61b71 -rdynamic 
make[2]: se sale del directorio '/home/taihu/Documentos/jcorti_bkp/rcnn/py-faster-rcnn/caffe-fast-rcnn/CMakeFiles/CMakeTmp'
make[1]: se sale del directorio '/home/taihu/Documentos/jcorti_bkp/rcnn/py-faster-rcnn/caffe-fast-rcnn/CMakeFiles/CMakeTmp'


Detecting C compiler ABI info compiled with the following output:
Change Dir: /home/taihu/Documentos/jcorti_bkp/rcnn/py-faster-rcnn/caffe-fast-rcnn/CMakeFiles/CMakeTmp

Run Build Command:"/usr/bin/make" "cmTC_ad5e0/fast"
make[1]: se entra en el directorio '/home/taihu/Documentos/jcorti_bkp/rcnn/py-faster-rcnn/caffe-fast-rcnn/CMakeFiles/CMakeTmp'
/usr/bin/make -f CMakeFiles/cmTC_ad5e0.dir/build.make CMakeFiles/cmTC_ad5e0.dir/build
make[2]: se entra en el directorio '/home/taihu/Documentos/jcorti_bkp/rcnn/py-faster-rcnn/caffe-fast-rcnn/CMakeFiles/CMakeTmp'
Building C object CMakeFiles/cmTC_ad5e0.dir/CMakeCCompilerABI.c.o
/usr/bin/cc     -o CMakeFiles/cmTC_ad5e0.dir/CMakeCCompilerABI.c.o   -c /usr/share/cmake-3.5/Modules/CMakeCCompilerABI.c
Linking C executable cmTC_ad5e0
/usr/bin/cmake -E cmake_link_script CMakeFiles/cmTC_ad5e0.dir/link.txt --verbose=1
/usr/bin/cc      -v CMakeFiles/cmTC_ad5e0.dir/CMakeCCompilerABI.c.o  -o cmTC_ad5e0 -rdynamic  
Using built-in specs.
COLLECT_GCC=/usr/bin/cc
COLLECT_LTO_WRAPPER=/usr/lib/gcc/x86_64-linux-gnu/5/lto-wrapper
Target: x86_64-linux-gnu
Configured with: ../src/configure -v --with-pkgversion='Ubuntu 5.5.0-12ubuntu1~16.04' --with-bugurl=file:///usr/share/doc/gcc-5/README.Bugs --enable-languages=c,ada,c++,java,go,d,fortran,objc,obj-c++ --prefix=/usr --program-suffix=-5 --enable-shared --enable-linker-build-id --libexecdir=/usr/lib --without-included-gettext --enable-threads=posix --libdir=/usr/lib --enable-nls --with-sysroot=/ --enable-clocale=gnu --enable-libstdcxx-debug --enable-libstdcxx-time=yes --with-default-libstdcxx-abi=new --enable-gnu-unique-object --disable-vtable-verify --enable-libmpx --enable-plugin --with-system-zlib --disable-browser-plugin --enable-java-awt=gtk --enable-gtk-cairo --with-java-home=/usr/lib/jvm/java-1.5.0-gcj-5-amd64/jre --enable-java-home --with-jvm-root-dir=/usr/lib/jvm/java-1.5.0-gcj-5-amd64 --with-jvm-jar-dir=/usr/lib/jvm-exports/java-1.5.0-gcj-5-amd64 --with-arch-directory=amd64 --with-ecj-jar=/usr/share/java/eclipse-ecj.jar --enable-objc-gc --enable-multiarch --disable-werror --with-arch-32=i686 --with-abi=m64 --with-multilib-list=m32,m64,mx32 --enable-multilib --with-tune=generic --enable-checking=release --build=x86_64-linux-gnu --host=x86_64-linux-gnu --target=x86_64-linux-gnu
Thread model: posix
gcc version 5.5.0 20171010 (Ubuntu 5.5.0-12ubuntu1~16.04) 
COMPILER_PATH=/usr/lib/gcc/x86_64-linux-gnu/5/:/usr/lib/gcc/x86_64-linux-gnu/5/:/usr/lib/gcc/x86_64-linux-gnu/:/usr/lib/gcc/x86_64-linux-gnu/5/:/usr/lib/gcc/x86_64-linux-gnu/
LIBRARY_PATH=/usr/lib/gcc/x86_64-linux-gnu/5/:/usr/lib/gcc/x86_64-linux-gnu/5/../../../x86_64-linux-gnu/:/usr/lib/gcc/x86_64-linux-gnu/5/../../../../lib/:/lib/x86_64-linux-gnu/:/lib/../lib/:/usr/lib/x86_64-linux-gnu/:/usr/lib/../lib/:/usr/lib/gcc/x86_64-linux-gnu/5/../../../:/lib/:/usr/lib/
COLLECT_GCC_OPTIONS='-v' '-o' 'cmTC_ad5e0' '-rdynamic' '-mtune=generic' '-march=x86-64'
 /usr/lib/gcc/x86_64-linux-gnu/5/collect2 -plugin /usr/lib/gcc/x86_64-linux-gnu/5/liblto_plugin.so -plugin-opt=/usr/lib/gcc/x86_64-linux-gnu/5/lto-wrapper -plugin-opt=-fresolution=/tmp/ccYjD8yD.res -plugin-opt=-pass-through=-lgcc -plugin-opt=-pass-through=-lgcc_s -plugin-opt=-pass-through=-lc -plugin-opt=-pass-through=-lgcc -plugin-opt=-pass-through=-lgcc_s --sysroot=/ --build-id --eh-frame-hdr -m elf_x86_64 --hash-style=gnu --as-needed -export-dynamic -dynamic-linker /lib64/ld-linux-x86-64.so.2 -z relro -o cmTC_ad5e0 /usr/lib/gcc/x86_64-linux-gnu/5/../../../x86_64-linux-gnu/crt1.o /usr/lib/gcc/x86_64-linux-gnu/5/../../../x86_64-linux-gnu/crti.o /usr/lib/gcc/x86_64-linux-gnu/5/crtbegin.o -L/usr/lib/gcc/x86_64-linux-gnu/5 -L/usr/lib/gcc/x86_64-linux-gnu/5/../../../x86_64-linux-gnu -L/usr/lib/gcc/x86_64-linux-gnu/5/../../../../lib -L/lib/x86_64-linux-gnu -L/lib/../lib -L/usr/lib/x86_64-linux-gnu -L/usr/lib/../lib -L/usr/lib/gcc/x86_64-linux-gnu/5/../../.. CMakeFiles/cmTC_ad5e0.dir/CMakeCCompilerABI.c.o -lgcc --push-state --as-needed -lgcc_s --pop-state -lc -lgcc --push-state --as-needed -lgcc_s --pop-state /usr/lib/gcc/x86_64-linux-gnu/5/crtend.o /usr/lib/gcc/x86_64-linux-gnu/5/../../../x86_64-linux-gnu/crtn.o
make[2]: se sale del directorio '/home/taihu/Documentos/jcorti_bkp/rcnn/py-faster-rcnn/caffe-fast-rcnn/CMakeFiles/CMakeTmp'
make[1]: se sale del directorio '/home/taihu/Documentos/jcorti_bkp/rcnn/py-faster-rcnn/caffe-fast-rcnn/CMakeFiles/CMakeTmp'


Parsed C implicit link information from above output:
  link line regex: [^( *|.*[/\])(ld|([^/\]+-)?ld|collect2)[^/\]*( |$)]
  ignore line: [Change Dir: /home/taihu/Documentos/jcorti_bkp/rcnn/py-faster-rcnn/caffe-fast-rcnn/CMakeFiles/CMakeTmp]
  ignore line: []
  ignore line: [Run Build Command:"/usr/bin/make" "cmTC_ad5e0/fast"]
  ignore line: [make[1]: se entra en el directorio '/home/taihu/Documentos/jcorti_bkp/rcnn/py-faster-rcnn/caffe-fast-rcnn/CMakeFiles/CMakeTmp']
  ignore line: [/usr/bin/make -f CMakeFiles/cmTC_ad5e0.dir/build.make CMakeFiles/cmTC_ad5e0.dir/build]
  ignore line: [make[2]: se entra en el directorio '/home/taihu/Documentos/jcorti_bkp/rcnn/py-faster-rcnn/caffe-fast-rcnn/CMakeFiles/CMakeTmp']
  ignore line: [Building C object CMakeFiles/cmTC_ad5e0.dir/CMakeCCompilerABI.c.o]
  ignore line: [/usr/bin/cc     -o CMakeFiles/cmTC_ad5e0.dir/CMakeCCompilerABI.c.o   -c /usr/share/cmake-3.5/Modules/CMakeCCompilerABI.c]
  ignore line: [Linking C executable cmTC_ad5e0]
  ignore line: [/usr/bin/cmake -E cmake_link_script CMakeFiles/cmTC_ad5e0.dir/link.txt --verbose=1]
  ignore line: [/usr/bin/cc      -v CMakeFiles/cmTC_ad5e0.dir/CMakeCCompilerABI.c.o  -o cmTC_ad5e0 -rdynamic  ]
  ignore line: [Using built-in specs.]
  ignore line: [COLLECT_GCC=/usr/bin/cc]
  ignore line: [COLLECT_LTO_WRAPPER=/usr/lib/gcc/x86_64-linux-gnu/5/lto-wrapper]
  ignore line: [Target: x86_64-linux-gnu]
  ignore line: [Configured with: ../src/configure -v --with-pkgversion='Ubuntu 5.5.0-12ubuntu1~16.04' --with-bugurl=file:///usr/share/doc/gcc-5/README.Bugs --enable-languages=c,ada,c++,java,go,d,fortran,objc,obj-c++ --prefix=/usr --program-suffix=-5 --enable-shared --enable-linker-build-id --libexecdir=/usr/lib --without-included-gettext --enable-threads=posix --libdir=/usr/lib --enable-nls --with-sysroot=/ --enable-clocale=gnu --enable-libstdcxx-debug --enable-libstdcxx-time=yes --with-default-libstdcxx-abi=new --enable-gnu-unique-object --disable-vtable-verify --enable-libmpx --enable-plugin --with-system-zlib --disable-browser-plugin --enable-java-awt=gtk --enable-gtk-cairo --with-java-home=/usr/lib/jvm/java-1.5.0-gcj-5-amd64/jre --enable-java-home --with-jvm-root-dir=/usr/lib/jvm/java-1.5.0-gcj-5-amd64 --with-jvm-jar-dir=/usr/lib/jvm-exports/java-1.5.0-gcj-5-amd64 --with-arch-directory=amd64 --with-ecj-jar=/usr/share/java/eclipse-ecj.jar --enable-objc-gc --enable-multiarch --disable-werror --with-arch-32=i686 --with-abi=m64 --with-multilib-list=m32,m64,mx32 --enable-multilib --with-tune=generic --enable-checking=release --build=x86_64-linux-gnu --host=x86_64-linux-gnu --target=x86_64-linux-gnu]
  ignore line: [Thread model: posix]
  ignore line: [gcc version 5.5.0 20171010 (Ubuntu 5.5.0-12ubuntu1~16.04) ]
  ignore line: [COMPILER_PATH=/usr/lib/gcc/x86_64-linux-gnu/5/:/usr/lib/gcc/x86_64-linux-gnu/5/:/usr/lib/gcc/x86_64-linux-gnu/:/usr/lib/gcc/x86_64-linux-gnu/5/:/usr/lib/gcc/x86_64-linux-gnu/]
  ignore line: [LIBRARY_PATH=/usr/lib/gcc/x86_64-linux-gnu/5/:/usr/lib/gcc/x86_64-linux-gnu/5/../../../x86_64-linux-gnu/:/usr/lib/gcc/x86_64-linux-gnu/5/../../../../lib/:/lib/x86_64-linux-gnu/:/lib/../lib/:/usr/lib/x86_64-linux-gnu/:/usr/lib/../lib/:/usr/lib/gcc/x86_64-linux-gnu/5/../../../:/lib/:/usr/lib/]
  ignore line: [COLLECT_GCC_OPTIONS='-v' '-o' 'cmTC_ad5e0' '-rdynamic' '-mtune=generic' '-march=x86-64']
  link line: [ /usr/lib/gcc/x86_64-linux-gnu/5/collect2 -plugin /usr/lib/gcc/x86_64-linux-gnu/5/liblto_plugin.so -plugin-opt=/usr/lib/gcc/x86_64-linux-gnu/5/lto-wrapper -plugin-opt=-fresolution=/tmp/ccYjD8yD.res -plugin-opt=-pass-through=-lgcc -plugin-opt=-pass-through=-lgcc_s -plugin-opt=-pass-through=-lc -plugin-opt=-pass-through=-lgcc -plugin-opt=-pass-through=-lgcc_s --sysroot=/ --build-id --eh-frame-hdr -m elf_x86_64 --hash-style=gnu --as-needed -export-dynamic -dynamic-linker /lib64/ld-linux-x86-64.so.2 -z relro -o cmTC_ad5e0 /usr/lib/gcc/x86_64-linux-gnu/5/../../../x86_64-linux-gnu/crt1.o /usr/lib/gcc/x86_64-linux-gnu/5/../../../x86_64-linux-gnu/crti.o /usr/lib/gcc/x86_64-linux-gnu/5/crtbegin.o -L/usr/lib/gcc/x86_64-linux-gnu/5 -L/usr/lib/gcc/x86_64-linux-gnu/5/../../../x86_64-linux-gnu -L/usr/lib/gcc/x86_64-linux-gnu/5/../../../../lib -L/lib/x86_64-linux-gnu -L/lib/../lib -L/usr/lib/x86_64-linux-gnu -L/usr/lib/../lib -L/usr/lib/gcc/x86_64-linux-gnu/5/../../.. CMakeFiles/cmTC_ad5e0.dir/CMakeCCompilerABI.c.o -lgcc --push-state --as-needed -lgcc_s --pop-state -lc -lgcc --push-state --as-needed -lgcc_s --pop-state /usr/lib/gcc/x86_64-linux-gnu/5/crtend.o /usr/lib/gcc/x86_64-linux-gnu/5/../../../x86_64-linux-gnu/crtn.o]
    arg [/usr/lib/gcc/x86_64-linux-gnu/5/collect2] ==> ignore
    arg [-plugin] ==> ignore
    arg [/usr/lib/gcc/x86_64-linux-gnu/5/liblto_plugin.so] ==> ignore
    arg [-plugin-opt=/usr/lib/gcc/x86_64-linux-gnu/5/lto-wrapper] ==> ignore
    arg [-plugin-opt=-fresolution=/tmp/ccYjD8yD.res] ==> ignore
    arg [-plugin-opt=-pass-through=-lgcc] ==> ignore
    arg [-plugin-opt=-pass-through=-lgcc_s] ==> ignore
    arg [-plugin-opt=-pass-through=-lc] ==> ignore
    arg [-plugin-opt=-pass-through=-lgcc] ==> ignore
    arg [-plugin-opt=-pass-through=-lgcc_s] ==> ignore
    arg [--sysroot=/] ==> ignore
    arg [--build-id] ==> ignore
    arg [--eh-frame-hdr] ==> ignore
    arg [-m] ==> ignore
    arg [elf_x86_64] ==> ignore
    arg [--hash-style=gnu] ==> ignore
    arg [--as-needed] ==> ignore
    arg [-export-dynamic] ==> ignore
    arg [-dynamic-linker] ==> ignore
    arg [/lib64/ld-linux-x86-64.so.2] ==> ignore
    arg [-zrelro] ==> ignore
    arg [-o] ==> ignore
    arg [cmTC_ad5e0] ==> ignore
    arg [/usr/lib/gcc/x86_64-linux-gnu/5/../../../x86_64-linux-gnu/crt1.o] ==> ignore
    arg [/usr/lib/gcc/x86_64-linux-gnu/5/../../../x86_64-linux-gnu/crti.o] ==> ignore
    arg [/usr/lib/gcc/x86_64-linux-gnu/5/crtbegin.o] ==> ignore
    arg [-L/usr/lib/gcc/x86_64-linux-gnu/5] ==> dir [/usr/lib/gcc/x86_64-linux-gnu/5]
    arg [-L/usr/lib/gcc/x86_64-linux-gnu/5/../../../x86_64-linux-gnu] ==> dir [/usr/lib/gcc/x86_64-linux-gnu/5/../../../x86_64-linux-gnu]
    arg [-L/usr/lib/gcc/x86_64-linux-gnu/5/../../../../lib] ==> dir [/usr/lib/gcc/x86_64-linux-gnu/5/../../../../lib]
    arg [-L/lib/x86_64-linux-gnu] ==> dir [/lib/x86_64-linux-gnu]
    arg [-L/lib/../lib] ==> dir [/lib/../lib]
    arg [-L/usr/lib/x86_64-linux-gnu] ==> dir [/usr/lib/x86_64-linux-gnu]
    arg [-L/usr/lib/../lib] ==> dir [/usr/lib/../lib]
    arg [-L/usr/lib/gcc/x86_64-linux-gnu/5/../../..] ==> dir [/usr/lib/gcc/x86_64-linux-gnu/5/../../..]
    arg [CMakeFiles/cmTC_ad5e0.dir/CMakeCCompilerABI.c.o] ==> ignore
    arg [-lgcc] ==> lib [gcc]
    arg [--push-state] ==> ignore
    arg [--as-needed] ==> ignore
    arg [-lgcc_s] ==> lib [gcc_s]
    arg [--pop-state] ==> ignore
    arg [-lc] ==> lib [c]
    arg [-lgcc] ==> lib [gcc]
    arg [--push-state] ==> ignore
    arg [--as-needed] ==> ignore
    arg [-lgcc_s] ==> lib [gcc_s]
    arg [--pop-state] ==> ignore
    arg [/usr/lib/gcc/x86_64-linux-gnu/5/crtend.o] ==> ignore
    arg [/usr/lib/gcc/x86_64-linux-gnu/5/../../../x86_64-linux-gnu/crtn.o] ==> ignore
  remove lib [gcc]
  remove lib [gcc_s]
  remove lib [gcc]
  remove lib [gcc_s]
  collapse library dir [/usr/lib/gcc/x86_64-linux-gnu/5] ==> [/usr/lib/gcc/x86_64-linux-gnu/5]
  collapse library dir [/usr/lib/gcc/x86_64-linux-gnu/5/../../../x86_64-linux-gnu] ==> [/usr/lib/x86_64-linux-gnu]
  collapse library dir [/usr/lib/gcc/x86_64-linux-gnu/5/../../../../lib] ==> [/usr/lib]
  collapse library dir [/lib/x86_64-linux-gnu] ==> [/lib/x86_64-linux-gnu]
  collapse library dir [/lib/../lib] ==> [/lib]
  collapse library dir [/usr/lib/x86_64-linux-gnu] ==> [/usr/lib/x86_64-linux-gnu]
  collapse library dir [/usr/lib/../lib] ==> [/usr/lib]
  collapse library dir [/usr/lib/gcc/x86_64-linux-gnu/5/../../..] ==> [/usr/lib]
  implicit libs: [c]
  implicit dirs: [/usr/lib/gcc/x86_64-linux-gnu/5;/usr/lib/x86_64-linux-gnu;/usr/lib;/lib/x86_64-linux-gnu;/lib]
  implicit fwks: []




Detecting C [-std=c11] compiler features compiled with the following output:
Change Dir: /home/taihu/Documentos/jcorti_bkp/rcnn/py-faster-rcnn/caffe-fast-rcnn/CMakeFiles/CMakeTmp

Run Build Command:"/usr/bin/make" "cmTC_3f440/fast"
make[1]: se entra en el directorio '/home/taihu/Documentos/jcorti_bkp/rcnn/py-faster-rcnn/caffe-fast-rcnn/CMakeFiles/CMakeTmp'
/usr/bin/make -f CMakeFiles/cmTC_3f440.dir/build.make CMakeFiles/cmTC_3f440.dir/build
make[2]: se entra en el directorio '/home/taihu/Documentos/jcorti_bkp/rcnn/py-faster-rcnn/caffe-fast-rcnn/CMakeFiles/CMakeTmp'
Building C object CMakeFiles/cmTC_3f440.dir/feature_tests.c.o
/usr/bin/cc    -std=c11 -o CMakeFiles/cmTC_3f440.dir/feature_tests.c.o   -c /home/taihu/Documentos/jcorti_bkp/rcnn/py-faster-rcnn/caffe-fast-rcnn/CMakeFiles/feature_tests.c
Linking C executable cmTC_3f440
/usr/bin/cmake -E cmake_link_script CMakeFiles/cmTC_3f440.dir/link.txt --verbose=1
/usr/bin/cc       CMakeFiles/cmTC_3f440.dir/feature_tests.c.o  -o cmTC_3f440 -rdynamic 
make[2]: se sale del directorio '/home/taihu/Documentos/jcorti_bkp/rcnn/py-faster-rcnn/caffe-fast-rcnn/CMakeFiles/CMakeTmp'
make[1]: se sale del directorio '/home/taihu/Documentos/jcorti_bkp/rcnn/py-faster-rcnn/caffe-fast-rcnn/CMakeFiles/CMakeTmp'


    Feature record: C_FEATURE:1c_function_prototypes
    Feature record: C_FEATURE:1c_restrict
    Feature record: C_FEATURE:1c_static_assert
    Feature record: C_FEATURE:1c_variadic_macros


Detecting C [-std=c99] compiler features compiled with the following output:
Change Dir: /home/taihu/Documentos/jcorti_bkp/rcnn/py-faster-rcnn/caffe-fast-rcnn/CMakeFiles/CMakeTmp

Run Build Command:"/usr/bin/make" "cmTC_6931e/fast"
make[1]: se entra en el directorio '/home/taihu/Documentos/jcorti_bkp/rcnn/py-faster-rcnn/caffe-fast-rcnn/CMakeFiles/CMakeTmp'
/usr/bin/make -f CMakeFiles/cmTC_6931e.dir/build.make CMakeFiles/cmTC_6931e.dir/build
make[2]: se entra en el directorio '/home/taihu/Documentos/jcorti_bkp/rcnn/py-faster-rcnn/caffe-fast-rcnn/CMakeFiles/CMakeTmp'
Building C object CMakeFiles/cmTC_6931e.dir/feature_tests.c.o
/usr/bin/cc    -std=c99 -o CMakeFiles/cmTC_6931e.dir/feature_tests.c.o   -c /home/taihu/Documentos/jcorti_bkp/rcnn/py-faster-rcnn/caffe-fast-rcnn/CMakeFiles/feature_tests.c
Linking C executable cmTC_6931e
/usr/bin/cmake -E cmake_link_script CMakeFiles/cmTC_6931e.dir/link.txt --verbose=1
/usr/bin/cc       CMakeFiles/cmTC_6931e.dir/feature_tests.c.o  -o cmTC_6931e -rdynamic 
make[2]: se sale del directorio '/home/taihu/Documentos/jcorti_bkp/rcnn/py-faster-rcnn/caffe-fast-rcnn/CMakeFiles/CMakeTmp'
make[1]: se sale del directorio '/home/taihu/Documentos/jcorti_bkp/rcnn/py-faster-rcnn/caffe-fast-rcnn/CMakeFiles/CMakeTmp'


    Feature record: C_FEATURE:1c_function_prototypes
    Feature record: C_FEATURE:1c_restrict
    Feature record: C_FEATURE:0c_static_assert
    Feature record: C_FEATURE:1c_variadic_macros


Detecting C [-std=c90] compiler features compiled with the following output:
Change Dir: /home/taihu/Documentos/jcorti_bkp/rcnn/py-faster-rcnn/caffe-fast-rcnn/CMakeFiles/CMakeTmp

Run Build Command:"/usr/bin/make" "cmTC_060db/fast"
make[1]: se entra en el directorio '/home/taihu/Documentos/jcorti_bkp/rcnn/py-faster-rcnn/caffe-fast-rcnn/CMakeFiles/CMakeTmp'
/usr/bin/make -f CMakeFiles/cmTC_060db.dir/build.make CMakeFiles/cmTC_060db.dir/build
make[2]: se entra en el directorio '/home/taihu/Documentos/jcorti_bkp/rcnn/py-faster-rcnn/caffe-fast-rcnn/CMakeFiles/CMakeTmp'
Building C object CMakeFiles/cmTC_060db.dir/feature_tests.c.o
/usr/bin/cc    -std=c90 -o CMakeFiles/cmTC_060db.dir/feature_tests.c.o   -c /home/taihu/Documentos/jcorti_bkp/rcnn/py-faster-rcnn/caffe-fast-rcnn/CMakeFiles/feature_tests.c
Linking C executable cmTC_060db
/usr/bin/cmake -E cmake_link_script CMakeFiles/cmTC_060db.dir/link.txt --verbose=1
/usr/bin/cc       CMakeFiles/cmTC_060db.dir/feature_tests.c.o  -o cmTC_060db -rdynamic 
make[2]: se sale del directorio '/home/taihu/Documentos/jcorti_bkp/rcnn/py-faster-rcnn/caffe-fast-rcnn/CMakeFiles/CMakeTmp'
make[1]: se sale del directorio '/home/taihu/Documentos/jcorti_bkp/rcnn/py-faster-rcnn/caffe-fast-rcnn/CMakeFiles/CMakeTmp'


    Feature record: C_FEATURE:1c_function_prototypes
    Feature record: C_FEATURE:0c_restrict
    Feature record: C_FEATURE:0c_static_assert
    Feature record: C_FEATURE:0c_variadic_macros
Determining if the CXX compiler works passed with the following output:
Change Dir: /home/taihu/Documentos/jcorti_bkp/rcnn/py-faster-rcnn/caffe-fast-rcnn/CMakeFiles/CMakeTmp

Run Build Command:"/usr/bin/make" "cmTC_dc05a/fast"
make[1]: se entra en el directorio '/home/taihu/Documentos/jcorti_bkp/rcnn/py-faster-rcnn/caffe-fast-rcnn/CMakeFiles/CMakeTmp'
/usr/bin/make -f CMakeFiles/cmTC_dc05a.dir/build.make CMakeFiles/cmTC_dc05a.dir/build
make[2]: se entra en el directorio '/home/taihu/Documentos/jcorti_bkp/rcnn/py-faster-rcnn/caffe-fast-rcnn/CMakeFiles/CMakeTmp'
Building CXX object CMakeFiles/cmTC_dc05a.dir/testCXXCompiler.cxx.o
/usr/bin/c++      -o CMakeFiles/cmTC_dc05a.dir/testCXXCompiler.cxx.o -c /home/taihu/Documentos/jcorti_bkp/rcnn/py-faster-rcnn/caffe-fast-rcnn/CMakeFiles/CMakeTmp/testCXXCompiler.cxx
Linking CXX executable cmTC_dc05a
/usr/bin/cmake -E cmake_link_script CMakeFiles/cmTC_dc05a.dir/link.txt --verbose=1
/usr/bin/c++        CMakeFiles/cmTC_dc05a.dir/testCXXCompiler.cxx.o  -o cmTC_dc05a -rdynamic 
make[2]: se sale del directorio '/home/taihu/Documentos/jcorti_bkp/rcnn/py-faster-rcnn/caffe-fast-rcnn/CMakeFiles/CMakeTmp'
make[1]: se sale del directorio '/home/taihu/Documentos/jcorti_bkp/rcnn/py-faster-rcnn/caffe-fast-rcnn/CMakeFiles/CMakeTmp'


Detecting CXX compiler ABI info compiled with the following output:
Change Dir: /home/taihu/Documentos/jcorti_bkp/rcnn/py-faster-rcnn/caffe-fast-rcnn/CMakeFiles/CMakeTmp

Run Build Command:"/usr/bin/make" "cmTC_39112/fast"
make[1]: se entra en el directorio '/home/taihu/Documentos/jcorti_bkp/rcnn/py-faster-rcnn/caffe-fast-rcnn/CMakeFiles/CMakeTmp'
/usr/bin/make -f CMakeFiles/cmTC_39112.dir/build.make CMakeFiles/cmTC_39112.dir/build
make[2]: se entra en el directorio '/home/taihu/Documentos/jcorti_bkp/rcnn/py-faster-rcnn/caffe-fast-rcnn/CMakeFiles/CMakeTmp'
Building CXX object CMakeFiles/cmTC_39112.dir/CMakeCXXCompilerABI.cpp.o
/usr/bin/c++      -o CMakeFiles/cmTC_39112.dir/CMakeCXXCompilerABI.cpp.o -c /usr/share/cmake-3.5/Modules/CMakeCXXCompilerABI.cpp
Linking CXX executable cmTC_39112
/usr/bin/cmake -E cmake_link_script CMakeFiles/cmTC_39112.dir/link.txt --verbose=1
/usr/bin/c++       -v CMakeFiles/cmTC_39112.dir/CMakeCXXCompilerABI.cpp.o  -o cmTC_39112 -rdynamic  
Using built-in specs.
COLLECT_GCC=/usr/bin/c++
COLLECT_LTO_WRAPPER=/usr/lib/gcc/x86_64-linux-gnu/7/lto-wrapper
OFFLOAD_TARGET_NAMES=nvptx-none
OFFLOAD_TARGET_DEFAULT=1
Target: x86_64-linux-gnu
Configured with: ../src/configure -v --with-pkgversion='Ubuntu 7.4.0-1ubuntu1~16.04~ppa1' --with-bugurl=file:///usr/share/doc/gcc-7/README.Bugs --enable-languages=c,ada,c++,go,brig,d,fortran,objc,obj-c++ --prefix=/usr --with-gcc-major-version-only --program-suffix=-7 --program-prefix=x86_64-linux-gnu- --enable-shared --enable-linker-build-id --libexecdir=/usr/lib --without-included-gettext --enable-threads=posix --libdir=/usr/lib --enable-nls --with-sysroot=/ --enable-clocale=gnu --enable-libstdcxx-debug --enable-libstdcxx-time=yes --with-default-libstdcxx-abi=new --enable-gnu-unique-object --disable-vtable-verify --enable-libmpx --enable-plugin --with-system-zlib --with-target-system-zlib --enable-objc-gc=auto --enable-multiarch --disable-werror --with-arch-32=i686 --with-abi=m64 --with-multilib-list=m32,m64,mx32 --enable-multilib --with-tune=generic --enable-offload-targets=nvptx-none --without-cuda-driver --enable-checking=release --build=x86_64-linux-gnu --host=x86_64-linux-gnu --target=x86_64-linux-gnu
Thread model: posix
gcc version 7.4.0 (Ubuntu 7.4.0-1ubuntu1~16.04~ppa1) 
COMPILER_PATH=/usr/lib/gcc/x86_64-linux-gnu/7/:/usr/lib/gcc/x86_64-linux-gnu/7/:/usr/lib/gcc/x86_64-linux-gnu/:/usr/lib/gcc/x86_64-linux-gnu/7/:/usr/lib/gcc/x86_64-linux-gnu/
LIBRARY_PATH=/usr/lib/gcc/x86_64-linux-gnu/7/:/usr/lib/gcc/x86_64-linux-gnu/7/../../../x86_64-linux-gnu/:/usr/lib/gcc/x86_64-linux-gnu/7/../../../../lib/:/lib/x86_64-linux-gnu/:/lib/../lib/:/usr/lib/x86_64-linux-gnu/:/usr/lib/../lib/:/usr/lib/gcc/x86_64-linux-gnu/7/../../../:/lib/:/usr/lib/
COLLECT_GCC_OPTIONS='-v' '-o' 'cmTC_39112' '-rdynamic' '-shared-libgcc' '-mtune=generic' '-march=x86-64'
 /usr/lib/gcc/x86_64-linux-gnu/7/collect2 -plugin /usr/lib/gcc/x86_64-linux-gnu/7/liblto_plugin.so -plugin-opt=/usr/lib/gcc/x86_64-linux-gnu/7/lto-wrapper -plugin-opt=-fresolution=/tmp/cc94tHcU.res -plugin-opt=-pass-through=-lgcc_s -plugin-opt=-pass-through=-lgcc -plugin-opt=-pass-through=-lc -plugin-opt=-pass-through=-lgcc_s -plugin-opt=-pass-through=-lgcc --sysroot=/ --build-id --eh-frame-hdr -m elf_x86_64 --hash-style=gnu --as-needed -export-dynamic -dynamic-linker /lib64/ld-linux-x86-64.so.2 -z relro -o cmTC_39112 /usr/lib/gcc/x86_64-linux-gnu/7/../../../x86_64-linux-gnu/crt1.o /usr/lib/gcc/x86_64-linux-gnu/7/../../../x86_64-linux-gnu/crti.o /usr/lib/gcc/x86_64-linux-gnu/7/crtbegin.o -L/usr/lib/gcc/x86_64-linux-gnu/7 -L/usr/lib/gcc/x86_64-linux-gnu/7/../../../x86_64-linux-gnu -L/usr/lib/gcc/x86_64-linux-gnu/7/../../../../lib -L/lib/x86_64-linux-gnu -L/lib/../lib -L/usr/lib/x86_64-linux-gnu -L/usr/lib/../lib -L/usr/lib/gcc/x86_64-linux-gnu/7/../../.. CMakeFiles/cmTC_39112.dir/CMakeCXXCompilerABI.cpp.o -lstdc++ -lm -lgcc_s -lgcc -lc -lgcc_s -lgcc /usr/lib/gcc/x86_64-linux-gnu/7/crtend.o /usr/lib/gcc/x86_64-linux-gnu/7/../../../x86_64-linux-gnu/crtn.o
COLLECT_GCC_OPTIONS='-v' '-o' 'cmTC_39112' '-rdynamic' '-shared-libgcc' '-mtune=generic' '-march=x86-64'
make[2]: se sale del directorio '/home/taihu/Documentos/jcorti_bkp/rcnn/py-faster-rcnn/caffe-fast-rcnn/CMakeFiles/CMakeTmp'
make[1]: se sale del directorio '/home/taihu/Documentos/jcorti_bkp/rcnn/py-faster-rcnn/caffe-fast-rcnn/CMakeFiles/CMakeTmp'


Parsed CXX implicit link information from above output:
  link line regex: [^( *|.*[/\])(ld|([^/\]+-)?ld|collect2)[^/\]*( |$)]
  ignore line: [Change Dir: /home/taihu/Documentos/jcorti_bkp/rcnn/py-faster-rcnn/caffe-fast-rcnn/CMakeFiles/CMakeTmp]
  ignore line: []
  ignore line: [Run Build Command:"/usr/bin/make" "cmTC_39112/fast"]
  ignore line: [make[1]: se entra en el directorio '/home/taihu/Documentos/jcorti_bkp/rcnn/py-faster-rcnn/caffe-fast-rcnn/CMakeFiles/CMakeTmp']
  ignore line: [/usr/bin/make -f CMakeFiles/cmTC_39112.dir/build.make CMakeFiles/cmTC_39112.dir/build]
  ignore line: [make[2]: se entra en el directorio '/home/taihu/Documentos/jcorti_bkp/rcnn/py-faster-rcnn/caffe-fast-rcnn/CMakeFiles/CMakeTmp']
  ignore line: [Building CXX object CMakeFiles/cmTC_39112.dir/CMakeCXXCompilerABI.cpp.o]
  ignore line: [/usr/bin/c++      -o CMakeFiles/cmTC_39112.dir/CMakeCXXCompilerABI.cpp.o -c /usr/share/cmake-3.5/Modules/CMakeCXXCompilerABI.cpp]
  ignore line: [Linking CXX executable cmTC_39112]
  ignore line: [/usr/bin/cmake -E cmake_link_script CMakeFiles/cmTC_39112.dir/link.txt --verbose=1]
  ignore line: [/usr/bin/c++       -v CMakeFiles/cmTC_39112.dir/CMakeCXXCompilerABI.cpp.o  -o cmTC_39112 -rdynamic  ]
  ignore line: [Using built-in specs.]
  ignore line: [COLLECT_GCC=/usr/bin/c++]
  ignore line: [COLLECT_LTO_WRAPPER=/usr/lib/gcc/x86_64-linux-gnu/7/lto-wrapper]
  ignore line: [OFFLOAD_TARGET_NAMES=nvptx-none]
  ignore line: [OFFLOAD_TARGET_DEFAULT=1]
  ignore line: [Target: x86_64-linux-gnu]
  ignore line: [Configured with: ../src/configure -v --with-pkgversion='Ubuntu 7.4.0-1ubuntu1~16.04~ppa1' --with-bugurl=file:///usr/share/doc/gcc-7/README.Bugs --enable-languages=c,ada,c++,go,brig,d,fortran,objc,obj-c++ --prefix=/usr --with-gcc-major-version-only --program-suffix=-7 --program-prefix=x86_64-linux-gnu- --enable-shared --enable-linker-build-id --libexecdir=/usr/lib --without-included-gettext --enable-threads=posix --libdir=/usr/lib --enable-nls --with-sysroot=/ --enable-clocale=gnu --enable-libstdcxx-debug --enable-libstdcxx-time=yes --with-default-libstdcxx-abi=new --enable-gnu-unique-object --disable-vtable-verify --enable-libmpx --enable-plugin --with-system-zlib --with-target-system-zlib --enable-objc-gc=auto --enable-multiarch --disable-werror --with-arch-32=i686 --with-abi=m64 --with-multilib-list=m32,m64,mx32 --enable-multilib --with-tune=generic --enable-offload-targets=nvptx-none --without-cuda-driver --enable-checking=release --build=x86_64-linux-gnu --host=x86_64-linux-gnu --target=x86_64-linux-gnu]
  ignore line: [Thread model: posix]
  ignore line: [gcc version 7.4.0 (Ubuntu 7.4.0-1ubuntu1~16.04~ppa1) ]
  ignore line: [COMPILER_PATH=/usr/lib/gcc/x86_64-linux-gnu/7/:/usr/lib/gcc/x86_64-linux-gnu/7/:/usr/lib/gcc/x86_64-linux-gnu/:/usr/lib/gcc/x86_64-linux-gnu/7/:/usr/lib/gcc/x86_64-linux-gnu/]
  ignore line: [LIBRARY_PATH=/usr/lib/gcc/x86_64-linux-gnu/7/:/usr/lib/gcc/x86_64-linux-gnu/7/../../../x86_64-linux-gnu/:/usr/lib/gcc/x86_64-linux-gnu/7/../../../../lib/:/lib/x86_64-linux-gnu/:/lib/../lib/:/usr/lib/x86_64-linux-gnu/:/usr/lib/../lib/:/usr/lib/gcc/x86_64-linux-gnu/7/../../../:/lib/:/usr/lib/]
  ignore line: [COLLECT_GCC_OPTIONS='-v' '-o' 'cmTC_39112' '-rdynamic' '-shared-libgcc' '-mtune=generic' '-march=x86-64']
  link line: [ /usr/lib/gcc/x86_64-linux-gnu/7/collect2 -plugin /usr/lib/gcc/x86_64-linux-gnu/7/liblto_plugin.so -plugin-opt=/usr/lib/gcc/x86_64-linux-gnu/7/lto-wrapper -plugin-opt=-fresolution=/tmp/cc94tHcU.res -plugin-opt=-pass-through=-lgcc_s -plugin-opt=-pass-through=-lgcc -plugin-opt=-pass-through=-lc -plugin-opt=-pass-through=-lgcc_s -plugin-opt=-pass-through=-lgcc --sysroot=/ --build-id --eh-frame-hdr -m elf_x86_64 --hash-style=gnu --as-needed -export-dynamic -dynamic-linker /lib64/ld-linux-x86-64.so.2 -z relro -o cmTC_39112 /usr/lib/gcc/x86_64-linux-gnu/7/../../../x86_64-linux-gnu/crt1.o /usr/lib/gcc/x86_64-linux-gnu/7/../../../x86_64-linux-gnu/crti.o /usr/lib/gcc/x86_64-linux-gnu/7/crtbegin.o -L/usr/lib/gcc/x86_64-linux-gnu/7 -L/usr/lib/gcc/x86_64-linux-gnu/7/../../../x86_64-linux-gnu -L/usr/lib/gcc/x86_64-linux-gnu/7/../../../../lib -L/lib/x86_64-linux-gnu -L/lib/../lib -L/usr/lib/x86_64-linux-gnu -L/usr/lib/../lib -L/usr/lib/gcc/x86_64-linux-gnu/7/../../.. CMakeFiles/cmTC_39112.dir/CMakeCXXCompilerABI.cpp.o -lstdc++ -lm -lgcc_s -lgcc -lc -lgcc_s -lgcc /usr/lib/gcc/x86_64-linux-gnu/7/crtend.o /usr/lib/gcc/x86_64-linux-gnu/7/../../../x86_64-linux-gnu/crtn.o]
    arg [/usr/lib/gcc/x86_64-linux-gnu/7/collect2] ==> ignore
    arg [-plugin] ==> ignore
    arg [/usr/lib/gcc/x86_64-linux-gnu/7/liblto_plugin.so] ==> ignore
    arg [-plugin-opt=/usr/lib/gcc/x86_64-linux-gnu/7/lto-wrapper] ==> ignore
    arg [-plugin-opt=-fresolution=/tmp/cc94tHcU.res] ==> ignore
    arg [-plugin-opt=-pass-through=-lgcc_s] ==> ignore
    arg [-plugin-opt=-pass-through=-lgcc] ==> ignore
    arg [-plugin-opt=-pass-through=-lc] ==> ignore
    arg [-plugin-opt=-pass-through=-lgcc_s] ==> ignore
    arg [-plugin-opt=-pass-through=-lgcc] ==> ignore
    arg [--sysroot=/] ==> ignore
    arg [--build-id] ==> ignore
    arg [--eh-frame-hdr] ==> ignore
    arg [-m] ==> ignore
    arg [elf_x86_64] ==> ignore
    arg [--hash-style=gnu] ==> ignore
    arg [--as-needed] ==> ignore
    arg [-export-dynamic] ==> ignore
    arg [-dynamic-linker] ==> ignore
    arg [/lib64/ld-linux-x86-64.so.2] ==> ignore
    arg [-zrelro] ==> ignore
    arg [-o] ==> ignore
    arg [cmTC_39112] ==> ignore
    arg [/usr/lib/gcc/x86_64-linux-gnu/7/../../../x86_64-linux-gnu/crt1.o] ==> ignore
    arg [/usr/lib/gcc/x86_64-linux-gnu/7/../../../x86_64-linux-gnu/crti.o] ==> ignore
    arg [/usr/lib/gcc/x86_64-linux-gnu/7/crtbegin.o] ==> ignore
    arg [-L/usr/lib/gcc/x86_64-linux-gnu/7] ==> dir [/usr/lib/gcc/x86_64-linux-gnu/7]
    arg [-L/usr/lib/gcc/x86_64-linux-gnu/7/../../../x86_64-linux-gnu] ==> dir [/usr/lib/gcc/x86_64-linux-gnu/7/../../../x86_64-linux-gnu]
    arg [-L/usr/lib/gcc/x86_64-linux-gnu/7/../../../../lib] ==> dir [/usr/lib/gcc/x86_64-linux-gnu/7/../../../../lib]
    arg [-L/lib/x86_64-linux-gnu] ==> dir [/lib/x86_64-linux-gnu]
    arg [-L/lib/../lib] ==> dir [/lib/../lib]
    arg [-L/usr/lib/x86_64-linux-gnu] ==> dir [/usr/lib/x86_64-linux-gnu]
    arg [-L/usr/lib/../lib] ==> dir [/usr/lib/../lib]
    arg [-L/usr/lib/gcc/x86_64-linux-gnu/7/../../..] ==> dir [/usr/lib/gcc/x86_64-linux-gnu/7/../../..]
    arg [CMakeFiles/cmTC_39112.dir/CMakeCXXCompilerABI.cpp.o] ==> ignore
    arg [-lstdc++] ==> lib [stdc++]
    arg [-lm] ==> lib [m]
    arg [-lgcc_s] ==> lib [gcc_s]
    arg [-lgcc] ==> lib [gcc]
    arg [-lc] ==> lib [c]
    arg [-lgcc_s] ==> lib [gcc_s]
    arg [-lgcc] ==> lib [gcc]
    arg [/usr/lib/gcc/x86_64-linux-gnu/7/crtend.o] ==> ignore
    arg [/usr/lib/gcc/x86_64-linux-gnu/7/../../../x86_64-linux-gnu/crtn.o] ==> ignore
  remove lib [gcc_s]
  remove lib [gcc]
  remove lib [gcc_s]
  remove lib [gcc]
  collapse library dir [/usr/lib/gcc/x86_64-linux-gnu/7] ==> [/usr/lib/gcc/x86_64-linux-gnu/7]
  collapse library dir [/usr/lib/gcc/x86_64-linux-gnu/7/../../../x86_64-linux-gnu] ==> [/usr/lib/x86_64-linux-gnu]
  collapse library dir [/usr/lib/gcc/x86_64-linux-gnu/7/../../../../lib] ==> [/usr/lib]
  collapse library dir [/lib/x86_64-linux-gnu] ==> [/lib/x86_64-linux-gnu]
  collapse library dir [/lib/../lib] ==> [/lib]
  collapse library dir [/usr/lib/x86_64-linux-gnu] ==> [/usr/lib/x86_64-linux-gnu]
  collapse library dir [/usr/lib/../lib] ==> [/usr/lib]
  collapse library dir [/usr/lib/gcc/x86_64-linux-gnu/7/../../..] ==> [/usr/lib]
  implicit libs: [stdc++;m;c]
  implicit dirs: [/usr/lib/gcc/x86_64-linux-gnu/7;/usr/lib/x86_64-linux-gnu;/usr/lib;/lib/x86_64-linux-gnu;/lib]
  implicit fwks: []




Detecting CXX [-std=c++14] compiler features compiled with the following output:
Change Dir: /home/taihu/Documentos/jcorti_bkp/rcnn/py-faster-rcnn/caffe-fast-rcnn/CMakeFiles/CMakeTmp

Run Build Command:"/usr/bin/make" "cmTC_5208c/fast"
make[1]: se entra en el directorio '/home/taihu/Documentos/jcorti_bkp/rcnn/py-faster-rcnn/caffe-fast-rcnn/CMakeFiles/CMakeTmp'
/usr/bin/make -f CMakeFiles/cmTC_5208c.dir/build.make CMakeFiles/cmTC_5208c.dir/build
make[2]: se entra en el directorio '/home/taihu/Documentos/jcorti_bkp/rcnn/py-faster-rcnn/caffe-fast-rcnn/CMakeFiles/CMakeTmp'
Building CXX object CMakeFiles/cmTC_5208c.dir/feature_tests.cxx.o
/usr/bin/c++     -std=c++14 -o CMakeFiles/cmTC_5208c.dir/feature_tests.cxx.o -c /home/taihu/Documentos/jcorti_bkp/rcnn/py-faster-rcnn/caffe-fast-rcnn/CMakeFiles/feature_tests.cxx
Linking CXX executable cmTC_5208c
/usr/bin/cmake -E cmake_link_script CMakeFiles/cmTC_5208c.dir/link.txt --verbose=1
/usr/bin/c++        CMakeFiles/cmTC_5208c.dir/feature_tests.cxx.o  -o cmTC_5208c -rdynamic 
make[2]: se sale del directorio '/home/taihu/Documentos/jcorti_bkp/rcnn/py-faster-rcnn/caffe-fast-rcnn/CMakeFiles/CMakeTmp'
make[1]: se sale del directorio '/home/taihu/Documentos/jcorti_bkp/rcnn/py-faster-rcnn/caffe-fast-rcnn/CMakeFiles/CMakeTmp'


    Feature record: CXX_FEATURE:1cxx_aggregate_default_initializers
    Feature record: CXX_FEATURE:1cxx_alias_templates
    Feature record: CXX_FEATURE:1cxx_alignas
    Feature record: CXX_FEATURE:1cxx_alignof
    Feature record: CXX_FEATURE:1cxx_attributes
    Feature record: CXX_FEATURE:1cxx_attribute_deprecated
    Feature record: CXX_FEATURE:1cxx_auto_type
    Feature record: CXX_FEATURE:1cxx_binary_literals
    Feature record: CXX_FEATURE:1cxx_constexpr
    Feature record: CXX_FEATURE:1cxx_contextual_conversions
    Feature record: CXX_FEATURE:1cxx_decltype
    Feature record: CXX_FEATURE:1cxx_decltype_auto
    Feature record: CXX_FEATURE:1cxx_decltype_incomplete_return_types
    Feature record: CXX_FEATURE:1cxx_default_function_template_args
    Feature record: CXX_FEATURE:1cxx_defaulted_functions
    Feature record: CXX_FEATURE:1cxx_defaulted_move_initializers
    Feature record: CXX_FEATURE:1cxx_delegating_constructors
    Feature record: CXX_FEATURE:1cxx_deleted_functions
    Feature record: CXX_FEATURE:1cxx_digit_separators
    Feature record: CXX_FEATURE:1cxx_enum_forward_declarations
    Feature record: CXX_FEATURE:1cxx_explicit_conversions
    Feature record: CXX_FEATURE:1cxx_extended_friend_declarations
    Feature record: CXX_FEATURE:1cxx_extern_templates
    Feature record: CXX_FEATURE:1cxx_final
    Feature record: CXX_FEATURE:1cxx_func_identifier
    Feature record: CXX_FEATURE:1cxx_generalized_initializers
    Feature record: CXX_FEATURE:1cxx_generic_lambdas
    Feature record: CXX_FEATURE:1cxx_inheriting_constructors
    Feature record: CXX_FEATURE:1cxx_inline_namespaces
    Feature record: CXX_FEATURE:1cxx_lambdas
    Feature record: CXX_FEATURE:1cxx_lambda_init_captures
    Feature record: CXX_FEATURE:1cxx_local_type_template_args
    Feature record: CXX_FEATURE:1cxx_long_long_type
    Feature record: CXX_FEATURE:1cxx_noexcept
    Feature record: CXX_FEATURE:1cxx_nonstatic_member_init
    Feature record: CXX_FEATURE:1cxx_nullptr
    Feature record: CXX_FEATURE:1cxx_override
    Feature record: CXX_FEATURE:1cxx_range_for
    Feature record: CXX_FEATURE:1cxx_raw_string_literals
    Feature record: CXX_FEATURE:1cxx_reference_qualified_functions
    Feature record: CXX_FEATURE:1cxx_relaxed_constexpr
    Feature record: CXX_FEATURE:1cxx_return_type_deduction
    Feature record: CXX_FEATURE:1cxx_right_angle_brackets
    Feature record: CXX_FEATURE:1cxx_rvalue_references
    Feature record: CXX_FEATURE:1cxx_sizeof_member
    Feature record: CXX_FEATURE:1cxx_static_assert
    Feature record: CXX_FEATURE:1cxx_strong_enums
    Feature record: CXX_FEATURE:1cxx_template_template_parameters
    Feature record: CXX_FEATURE:1cxx_thread_local
    Feature record: CXX_FEATURE:1cxx_trailing_return_types
    Feature record: CXX_FEATURE:1cxx_unicode_literals
    Feature record: CXX_FEATURE:1cxx_uniform_initialization
    Feature record: CXX_FEATURE:1cxx_unrestricted_unions
    Feature record: CXX_FEATURE:1cxx_user_literals
    Feature record: CXX_FEATURE:1cxx_variable_templates
    Feature record: CXX_FEATURE:1cxx_variadic_macros
    Feature record: CXX_FEATURE:1cxx_variadic_templates


Detecting CXX [-std=c++11] compiler features compiled with the following output:
Change Dir: /home/taihu/Documentos/jcorti_bkp/rcnn/py-faster-rcnn/caffe-fast-rcnn/CMakeFiles/CMakeTmp

Run Build Command:"/usr/bin/make" "cmTC_7adc0/fast"
make[1]: se entra en el directorio '/home/taihu/Documentos/jcorti_bkp/rcnn/py-faster-rcnn/caffe-fast-rcnn/CMakeFiles/CMakeTmp'
/usr/bin/make -f CMakeFiles/cmTC_7adc0.dir/build.make CMakeFiles/cmTC_7adc0.dir/build
make[2]: se entra en el directorio '/home/taihu/Documentos/jcorti_bkp/rcnn/py-faster-rcnn/caffe-fast-rcnn/CMakeFiles/CMakeTmp'
Building CXX object CMakeFiles/cmTC_7adc0.dir/feature_tests.cxx.o
/usr/bin/c++     -std=c++11 -o CMakeFiles/cmTC_7adc0.dir/feature_tests.cxx.o -c /home/taihu/Documentos/jcorti_bkp/rcnn/py-faster-rcnn/caffe-fast-rcnn/CMakeFiles/feature_tests.cxx
Linking CXX executable cmTC_7adc0
/usr/bin/cmake -E cmake_link_script CMakeFiles/cmTC_7adc0.dir/link.txt --verbose=1
/usr/bin/c++        CMakeFiles/cmTC_7adc0.dir/feature_tests.cxx.o  -o cmTC_7adc0 -rdynamic 
make[2]: se sale del directorio '/home/taihu/Documentos/jcorti_bkp/rcnn/py-faster-rcnn/caffe-fast-rcnn/CMakeFiles/CMakeTmp'
make[1]: se sale del directorio '/home/taihu/Documentos/jcorti_bkp/rcnn/py-faster-rcnn/caffe-fast-rcnn/CMakeFiles/CMakeTmp'


    Feature record: CXX_FEATURE:0cxx_aggregate_default_initializers
    Feature record: CXX_FEATURE:1cxx_alias_templates
    Feature record: CXX_FEATURE:1cxx_alignas
    Feature record: CXX_FEATURE:1cxx_alignof
    Feature record: CXX_FEATURE:1cxx_attributes
    Feature record: CXX_FEATURE:0cxx_attribute_deprecated
    Feature record: CXX_FEATURE:1cxx_auto_type
    Feature record: CXX_FEATURE:0cxx_binary_literals
    Feature record: CXX_FEATURE:1cxx_constexpr
    Feature record: CXX_FEATURE:0cxx_contextual_conversions
    Feature record: CXX_FEATURE:1cxx_decltype
    Feature record: CXX_FEATURE:0cxx_decltype_auto
    Feature record: CXX_FEATURE:1cxx_decltype_incomplete_return_types
    Feature record: CXX_FEATURE:1cxx_default_function_template_args
    Feature record: CXX_FEATURE:1cxx_defaulted_functions
    Feature record: CXX_FEATURE:1cxx_defaulted_move_initializers
    Feature record: CXX_FEATURE:1cxx_delegating_constructors
    Feature record: CXX_FEATURE:1cxx_deleted_functions
    Feature record: CXX_FEATURE:0cxx_digit_separators
    Feature record: CXX_FEATURE:1cxx_enum_forward_declarations
    Feature record: CXX_FEATURE:1cxx_explicit_conversions
    Feature record: CXX_FEATURE:1cxx_extended_friend_declarations
    Feature record: CXX_FEATURE:1cxx_extern_templates
    Feature record: CXX_FEATURE:1cxx_final
    Feature record: CXX_FEATURE:1cxx_func_identifier
    Feature record: CXX_FEATURE:1cxx_generalized_initializers
    Feature record: CXX_FEATURE:0cxx_generic_lambdas
    Feature record: CXX_FEATURE:1cxx_inheriting_constructors
    Feature record: CXX_FEATURE:1cxx_inline_namespaces
    Feature record: CXX_FEATURE:1cxx_lambdas
    Feature record: CXX_FEATURE:0cxx_lambda_init_captures
    Feature record: CXX_FEATURE:1cxx_local_type_template_args
    Feature record: CXX_FEATURE:1cxx_long_long_type
    Feature record: CXX_FEATURE:1cxx_noexcept
    Feature record: CXX_FEATURE:1cxx_nonstatic_member_init
    Feature record: CXX_FEATURE:1cxx_nullptr
    Feature record: CXX_FEATURE:1cxx_override
    Feature record: CXX_FEATURE:1cxx_range_for
    Feature record: CXX_FEATURE:1cxx_raw_string_literals
    Feature record: CXX_FEATURE:1cxx_reference_qualified_functions
    Feature record: CXX_FEATURE:0cxx_relaxed_constexpr
    Feature record: CXX_FEATURE:0cxx_return_type_deduction
    Feature record: CXX_FEATURE:1cxx_right_angle_brackets
    Feature record: CXX_FEATURE:1cxx_rvalue_references
    Feature record: CXX_FEATURE:1cxx_sizeof_member
    Feature record: CXX_FEATURE:1cxx_static_assert
    Feature record: CXX_FEATURE:1cxx_strong_enums
    Feature record: CXX_FEATURE:1cxx_template_template_parameters
    Feature record: CXX_FEATURE:1cxx_thread_local
    Feature record: CXX_FEATURE:1cxx_trailing_return_types
    Feature record: CXX_FEATURE:1cxx_unicode_literals
    Feature record: CXX_FEATURE:1cxx_uniform_initialization
    Feature record: CXX_FEATURE:1cxx_unrestricted_unions
    Feature record: CXX_FEATURE:1cxx_user_literals
    Feature record: CXX_FEATURE:0cxx_variable_templates
    Feature record: CXX_FEATURE:1cxx_variadic_macros
    Feature record: CXX_FEATURE:1cxx_variadic_templates


Detecting CXX [-std=c++98] compiler features compiled with the following output:
Change Dir: /home/taihu/Documentos/jcorti_bkp/rcnn/py-faster-rcnn/caffe-fast-rcnn/CMakeFiles/CMakeTmp

Run Build Command:"/usr/bin/make" "cmTC_c36e2/fast"
make[1]: se entra en el directorio '/home/taihu/Documentos/jcorti_bkp/rcnn/py-faster-rcnn/caffe-fast-rcnn/CMakeFiles/CMakeTmp'
/usr/bin/make -f CMakeFiles/cmTC_c36e2.dir/build.make CMakeFiles/cmTC_c36e2.dir/build
make[2]: se entra en el directorio '/home/taihu/Documentos/jcorti_bkp/rcnn/py-faster-rcnn/caffe-fast-rcnn/CMakeFiles/CMakeTmp'
Building CXX object CMakeFiles/cmTC_c36e2.dir/feature_tests.cxx.o
/usr/bin/c++     -std=c++98 -o CMakeFiles/cmTC_c36e2.dir/feature_tests.cxx.o -c /home/taihu/Documentos/jcorti_bkp/rcnn/py-faster-rcnn/caffe-fast-rcnn/CMakeFiles/feature_tests.cxx
Linking CXX executable cmTC_c36e2
/usr/bin/cmake -E cmake_link_script CMakeFiles/cmTC_c36e2.dir/link.txt --verbose=1
/usr/bin/c++        CMakeFiles/cmTC_c36e2.dir/feature_tests.cxx.o  -o cmTC_c36e2 -rdynamic 
make[2]: se sale del directorio '/home/taihu/Documentos/jcorti_bkp/rcnn/py-faster-rcnn/caffe-fast-rcnn/CMakeFiles/CMakeTmp'
make[1]: se sale del directorio '/home/taihu/Documentos/jcorti_bkp/rcnn/py-faster-rcnn/caffe-fast-rcnn/CMakeFiles/CMakeTmp'


    Feature record: CXX_FEATURE:0cxx_aggregate_default_initializers
    Feature record: CXX_FEATURE:0cxx_alias_templates
    Feature record: CXX_FEATURE:0cxx_alignas
    Feature record: CXX_FEATURE:0cxx_alignof
    Feature record: CXX_FEATURE:0cxx_attributes
    Feature record: CXX_FEATURE:0cxx_attribute_deprecated
    Feature record: CXX_FEATURE:0cxx_auto_type
    Feature record: CXX_FEATURE:0cxx_binary_literals
    Feature record: CXX_FEATURE:0cxx_constexpr
    Feature record: CXX_FEATURE:0cxx_contextual_conversions
    Feature record: CXX_FEATURE:0cxx_decltype
    Feature record: CXX_FEATURE:0cxx_decltype_auto
    Feature record: CXX_FEATURE:0cxx_decltype_incomplete_return_types
    Feature record: CXX_FEATURE:0cxx_default_function_template_args
    Feature record: CXX_FEATURE:0cxx_defaulted_functions
    Feature record: CXX_FEATURE:0cxx_defaulted_move_initializers
    Feature record: CXX_FEATURE:0cxx_delegating_constructors
    Feature record: CXX_FEATURE:0cxx_deleted_functions
    Feature record: CXX_FEATURE:0cxx_digit_separators
    Feature record: CXX_FEATURE:0cxx_enum_forward_declarations
    Feature record: CXX_FEATURE:0cxx_explicit_conversions
    Feature record: CXX_FEATURE:0cxx_extended_friend_declarations
    Feature record: CXX_FEATURE:0cxx_extern_templates
    Feature record: CXX_FEATURE:0cxx_final
    Feature record: CXX_FEATURE:0cxx_func_identifier
    Feature record: CXX_FEATURE:0cxx_generalized_initializers
    Feature record: CXX_FEATURE:0cxx_generic_lambdas
    Feature record: CXX_FEATURE:0cxx_inheriting_constructors
    Feature record: CXX_FEATURE:0cxx_inline_namespaces
    Feature record: CXX_FEATURE:0cxx_lambdas
    Feature record: CXX_FEATURE:0cxx_lambda_init_captures
    Feature record: CXX_FEATURE:0cxx_local_type_template_args
    Feature record: CXX_FEATURE:0cxx_long_long_type
    Feature record: CXX_FEATURE:0cxx_noexcept
    Feature record: CXX_FEATURE:0cxx_nonstatic_member_init
    Feature record: CXX_FEATURE:0cxx_nullptr
    Feature record: CXX_FEATURE:0cxx_override
    Feature record: CXX_FEATURE:0cxx_range_for
    Feature record: CXX_FEATURE:0cxx_raw_string_literals
    Feature record: CXX_FEATURE:0cxx_reference_qualified_functions
    Feature record: CXX_FEATURE:0cxx_relaxed_constexpr
    Feature record: CXX_FEATURE:0cxx_return_type_deduction
    Feature record: CXX_FEATURE:0cxx_right_angle_brackets
    Feature record: CXX_FEATURE:0cxx_rvalue_references
    Feature record: CXX_FEATURE:0cxx_sizeof_member
    Feature record: CXX_FEATURE:0cxx_static_assert
    Feature record: CXX_FEATURE:0cxx_strong_enums
    Feature record: CXX_FEATURE:1cxx_template_template_parameters
    Feature record: CXX_FEATURE:0cxx_thread_local
    Feature record: CXX_FEATURE:0cxx_trailing_return_types
    Feature record: CXX_FEATURE:0cxx_unicode_literals
    Feature record: CXX_FEATURE:0cxx_uniform_initialization
    Feature record: CXX_FEATURE:0cxx_unrestricted_unions
    Feature record: CXX_FEATURE:0cxx_user_literals
    Feature record: CXX_FEATURE:0cxx_variable_templates
    Feature record: CXX_FEATURE:0cxx_variadic_macros
    Feature record: CXX_FEATURE:0cxx_variadic_templates
Determining if the include file pthread.h exists passed with the following output:
Change Dir: /home/taihu/Documentos/jcorti_bkp/rcnn/py-faster-rcnn/caffe-fast-rcnn/CMakeFiles/CMakeTmp

Run Build Command:"/usr/bin/make" "cmTC_e6e06/fast"
make[1]: se entra en el directorio '/home/taihu/Documentos/jcorti_bkp/rcnn/py-faster-rcnn/caffe-fast-rcnn/CMakeFiles/CMakeTmp'
/usr/bin/make -f CMakeFiles/cmTC_e6e06.dir/build.make CMakeFiles/cmTC_e6e06.dir/build
make[2]: se entra en el directorio '/home/taihu/Documentos/jcorti_bkp/rcnn/py-faster-rcnn/caffe-fast-rcnn/CMakeFiles/CMakeTmp'
Building C object CMakeFiles/cmTC_e6e06.dir/CheckIncludeFile.c.o
/usr/bin/cc     -o CMakeFiles/cmTC_e6e06.dir/CheckIncludeFile.c.o   -c /home/taihu/Documentos/jcorti_bkp/rcnn/py-faster-rcnn/caffe-fast-rcnn/CMakeFiles/CMakeTmp/CheckIncludeFile.c
Linking C executable cmTC_e6e06
/usr/bin/cmake -E cmake_link_script CMakeFiles/cmTC_e6e06.dir/link.txt --verbose=1
/usr/bin/cc       CMakeFiles/cmTC_e6e06.dir/CheckIncludeFile.c.o  -o cmTC_e6e06 -rdynamic 
make[2]: se sale del directorio '/home/taihu/Documentos/jcorti_bkp/rcnn/py-faster-rcnn/caffe-fast-rcnn/CMakeFiles/CMakeTmp'
make[1]: se sale del directorio '/home/taihu/Documentos/jcorti_bkp/rcnn/py-faster-rcnn/caffe-fast-rcnn/CMakeFiles/CMakeTmp'


Determining if the function pthread_create exists in the pthread passed with the following output:
Change Dir: /home/taihu/Documentos/jcorti_bkp/rcnn/py-faster-rcnn/caffe-fast-rcnn/CMakeFiles/CMakeTmp

Run Build Command:"/usr/bin/make" "cmTC_fa0f0/fast"
make[1]: se entra en el directorio '/home/taihu/Documentos/jcorti_bkp/rcnn/py-faster-rcnn/caffe-fast-rcnn/CMakeFiles/CMakeTmp'
/usr/bin/make -f CMakeFiles/cmTC_fa0f0.dir/build.make CMakeFiles/cmTC_fa0f0.dir/build
make[2]: se entra en el directorio '/home/taihu/Documentos/jcorti_bkp/rcnn/py-faster-rcnn/caffe-fast-rcnn/CMakeFiles/CMakeTmp'
Building C object CMakeFiles/cmTC_fa0f0.dir/CheckFunctionExists.c.o
/usr/bin/cc    -DCHECK_FUNCTION_EXISTS=pthread_create   -o CMakeFiles/cmTC_fa0f0.dir/CheckFunctionExists.c.o   -c /usr/share/cmake-3.5/Modules/CheckFunctionExists.c
Linking C executable cmTC_fa0f0
/usr/bin/cmake -E cmake_link_script CMakeFiles/cmTC_fa0f0.dir/link.txt --verbose=1
/usr/bin/cc   -DCHECK_FUNCTION_EXISTS=pthread_create    CMakeFiles/cmTC_fa0f0.dir/CheckFunctionExists.c.o  -o cmTC_fa0f0 -rdynamic -lpthread 
make[2]: se sale del directorio '/home/taihu/Documentos/jcorti_bkp/rcnn/py-faster-rcnn/caffe-fast-rcnn/CMakeFiles/CMakeTmp'
make[1]: se sale del directorio '/home/taihu/Documentos/jcorti_bkp/rcnn/py-faster-rcnn/caffe-fast-rcnn/CMakeFiles/CMakeTmp'


Determining if the include file pthread.h exists passed with the following output:
Change Dir: /home/taihu/Documentos/jcorti_bkp/rcnn/py-faster-rcnn/caffe-fast-rcnn/CMakeFiles/CMakeTmp

Run Build Command:"/usr/bin/make" "cmTC_439ce/fast"
make[1]: se entra en el directorio '/home/taihu/Documentos/jcorti_bkp/rcnn/py-faster-rcnn/caffe-fast-rcnn/CMakeFiles/CMakeTmp'
/usr/bin/make -f CMakeFiles/cmTC_439ce.dir/build.make CMakeFiles/cmTC_439ce.dir/build
make[2]: se entra en el directorio '/home/taihu/Documentos/jcorti_bkp/rcnn/py-faster-rcnn/caffe-fast-rcnn/CMakeFiles/CMakeTmp'
Building C object CMakeFiles/cmTC_439ce.dir/CheckIncludeFile.c.o
/usr/bin/cc     -o CMakeFiles/cmTC_439ce.dir/CheckIncludeFile.c.o   -c /home/taihu/Documentos/jcorti_bkp/rcnn/py-faster-rcnn/caffe-fast-rcnn/CMakeFiles/CMakeTmp/CheckIncludeFile.c
Linking C executable cmTC_439ce
/usr/bin/cmake -E cmake_link_script CMakeFiles/cmTC_439ce.dir/link.txt --verbose=1
/usr/bin/cc       CMakeFiles/cmTC_439ce.dir/CheckIncludeFile.c.o  -o cmTC_439ce -rdynamic 
make[2]: se sale del directorio '/home/taihu/Documentos/jcorti_bkp/rcnn/py-faster-rcnn/caffe-fast-rcnn/CMakeFiles/CMakeTmp'
make[1]: se sale del directorio '/home/taihu/Documentos/jcorti_bkp/rcnn/py-faster-rcnn/caffe-fast-rcnn/CMakeFiles/CMakeTmp'


Determining if the function pthread_create exists in the pthread passed with the following output:
Change Dir: /home/taihu/Documentos/jcorti_bkp/rcnn/py-faster-rcnn/caffe-fast-rcnn/CMakeFiles/CMakeTmp

Run Build Command:"/usr/bin/make" "cmTC_c4e9b/fast"
make[1]: se entra en el directorio '/home/taihu/Documentos/jcorti_bkp/rcnn/py-faster-rcnn/caffe-fast-rcnn/CMakeFiles/CMakeTmp'
/usr/bin/make -f CMakeFiles/cmTC_c4e9b.dir/build.make CMakeFiles/cmTC_c4e9b.dir/build
make[2]: se entra en el directorio '/home/taihu/Documentos/jcorti_bkp/rcnn/py-faster-rcnn/caffe-fast-rcnn/CMakeFiles/CMakeTmp'
Building C object CMakeFiles/cmTC_c4e9b.dir/CheckFunctionExists.c.o
/usr/bin/cc    -DCHECK_FUNCTION_EXISTS=pthread_create   -o CMakeFiles/cmTC_c4e9b.dir/CheckFunctionExists.c.o   -c /usr/share/cmake-3.5/Modules/CheckFunctionExists.c
Linking C executable cmTC_c4e9b
/usr/bin/cmake -E cmake_link_script CMakeFiles/cmTC_c4e9b.dir/link.txt --verbose=1
/usr/bin/cc   -DCHECK_FUNCTION_EXISTS=pthread_create    CMakeFiles/cmTC_c4e9b.dir/CheckFunctionExists.c.o  -o cmTC_c4e9b -rdynamic -lpthread 
make[2]: se sale del directorio '/home/taihu/Documentos/jcorti_bkp/rcnn/py-faster-rcnn/caffe-fast-rcnn/CMakeFiles/CMakeTmp'
make[1]: se sale del directorio '/home/taihu/Documentos/jcorti_bkp/rcnn/py-faster-rcnn/caffe-fast-rcnn/CMakeFiles/CMakeTmp'


