The system is: Linux - 4.4.0-146-generic - x86_64
Compiling the C compiler identification source file "CMakeCCompilerId.c" succeeded.
Compiler: /usr/bin/cc 
Build flags: 
Id flags: 

The output was:
0


Compilation of the C compiler identification source "CMakeCCompilerId.c" produced "a.out"

The C compiler identification is GNU, found in "/home/taihu/Documentos/jcorti_bkp/ApproxMVBB2/ApproxMVBB/CMakeFiles/3.5.1/CompilerIdC/a.out"

Compiling the CXX compiler identification source file "CMakeCXXCompilerId.cpp" succeeded.
Compiler: /usr/bin/c++ 
Build flags: 
Id flags: 

The output was:
0


Compilation of the CXX compiler identification source "CMakeCXXCompilerId.cpp" produced "a.out"

The CXX compiler identification is GNU, found in "/home/taihu/Documentos/jcorti_bkp/ApproxMVBB2/ApproxMVBB/CMakeFiles/3.5.1/CompilerIdCXX/a.out"

Determining if the C compiler works passed with the following output:
Change Dir: /home/taihu/Documentos/jcorti_bkp/ApproxMVBB2/ApproxMVBB/CMakeFiles/CMakeTmp

Run Build Command:"/usr/bin/make" "cmTC_6d511/fast"
/usr/bin/make -f CMakeFiles/cmTC_6d511.dir/build.make CMakeFiles/cmTC_6d511.dir/build
make[1]: se entra en el directorio '/home/taihu/Documentos/jcorti_bkp/ApproxMVBB2/ApproxMVBB/CMakeFiles/CMakeTmp'
Building C object CMakeFiles/cmTC_6d511.dir/testCCompiler.c.o
/usr/bin/cc     -o CMakeFiles/cmTC_6d511.dir/testCCompiler.c.o   -c /home/taihu/Documentos/jcorti_bkp/ApproxMVBB2/ApproxMVBB/CMakeFiles/CMakeTmp/testCCompiler.c
Linking C executable cmTC_6d511
/usr/bin/cmake -E cmake_link_script CMakeFiles/cmTC_6d511.dir/link.txt --verbose=1
/usr/bin/cc       CMakeFiles/cmTC_6d511.dir/testCCompiler.c.o  -o cmTC_6d511 -rdynamic 
make[1]: se sale del directorio '/home/taihu/Documentos/jcorti_bkp/ApproxMVBB2/ApproxMVBB/CMakeFiles/CMakeTmp'


Detecting C compiler ABI info compiled with the following output:
Change Dir: /home/taihu/Documentos/jcorti_bkp/ApproxMVBB2/ApproxMVBB/CMakeFiles/CMakeTmp

Run Build Command:"/usr/bin/make" "cmTC_ede6e/fast"
/usr/bin/make -f CMakeFiles/cmTC_ede6e.dir/build.make CMakeFiles/cmTC_ede6e.dir/build
make[1]: se entra en el directorio '/home/taihu/Documentos/jcorti_bkp/ApproxMVBB2/ApproxMVBB/CMakeFiles/CMakeTmp'
Building C object CMakeFiles/cmTC_ede6e.dir/CMakeCCompilerABI.c.o
/usr/bin/cc     -o CMakeFiles/cmTC_ede6e.dir/CMakeCCompilerABI.c.o   -c /usr/share/cmake-3.5/Modules/CMakeCCompilerABI.c
Linking C executable cmTC_ede6e
/usr/bin/cmake -E cmake_link_script CMakeFiles/cmTC_ede6e.dir/link.txt --verbose=1
/usr/bin/cc      -v CMakeFiles/cmTC_ede6e.dir/CMakeCCompilerABI.c.o  -o cmTC_ede6e -rdynamic  
Using built-in specs.
COLLECT_GCC=/usr/bin/cc
COLLECT_LTO_WRAPPER=/usr/lib/gcc/x86_64-linux-gnu/5/lto-wrapper
Target: x86_64-linux-gnu
Configured with: ../src/configure -v --with-pkgversion='Ubuntu 5.4.0-6ubuntu1~16.04.11' --with-bugurl=file:///usr/share/doc/gcc-5/README.Bugs --enable-languages=c,ada,c++,java,go,d,fortran,objc,obj-c++ --prefix=/usr --program-suffix=-5 --enable-shared --enable-linker-build-id --libexecdir=/usr/lib --without-included-gettext --enable-threads=posix --libdir=/usr/lib --enable-nls --with-sysroot=/ --enable-clocale=gnu --enable-libstdcxx-debug --enable-libstdcxx-time=yes --with-default-libstdcxx-abi=new --enable-gnu-unique-object --disable-vtable-verify --enable-libmpx --enable-plugin --with-system-zlib --disable-browser-plugin --enable-java-awt=gtk --enable-gtk-cairo --with-java-home=/usr/lib/jvm/java-1.5.0-gcj-5-amd64/jre --enable-java-home --with-jvm-root-dir=/usr/lib/jvm/java-1.5.0-gcj-5-amd64 --with-jvm-jar-dir=/usr/lib/jvm-exports/java-1.5.0-gcj-5-amd64 --with-arch-directory=amd64 --with-ecj-jar=/usr/share/java/eclipse-ecj.jar --enable-objc-gc --enable-multiarch --disable-werror --with-arch-32=i686 --with-abi=m64 --with-multilib-list=m32,m64,mx32 --enable-multilib --with-tune=generic --enable-checking=release --build=x86_64-linux-gnu --host=x86_64-linux-gnu --target=x86_64-linux-gnu
Thread model: posix
gcc version 5.4.0 20160609 (Ubuntu 5.4.0-6ubuntu1~16.04.11) 
COMPILER_PATH=/usr/lib/gcc/x86_64-linux-gnu/5/:/usr/lib/gcc/x86_64-linux-gnu/5/:/usr/lib/gcc/x86_64-linux-gnu/:/usr/lib/gcc/x86_64-linux-gnu/5/:/usr/lib/gcc/x86_64-linux-gnu/
LIBRARY_PATH=/usr/lib/gcc/x86_64-linux-gnu/5/:/usr/lib/gcc/x86_64-linux-gnu/5/../../../x86_64-linux-gnu/:/usr/lib/gcc/x86_64-linux-gnu/5/../../../../lib/:/lib/x86_64-linux-gnu/:/lib/../lib/:/usr/lib/x86_64-linux-gnu/:/usr/lib/../lib/:/usr/lib/gcc/x86_64-linux-gnu/5/../../../:/lib/:/usr/lib/
COLLECT_GCC_OPTIONS='-v' '-o' 'cmTC_ede6e' '-rdynamic' '-mtune=generic' '-march=x86-64'
 /usr/lib/gcc/x86_64-linux-gnu/5/collect2 -plugin /usr/lib/gcc/x86_64-linux-gnu/5/liblto_plugin.so -plugin-opt=/usr/lib/gcc/x86_64-linux-gnu/5/lto-wrapper -plugin-opt=-fresolution=/tmp/ccFHmqiC.res -plugin-opt=-pass-through=-lgcc -plugin-opt=-pass-through=-lgcc_s -plugin-opt=-pass-through=-lc -plugin-opt=-pass-through=-lgcc -plugin-opt=-pass-through=-lgcc_s --sysroot=/ --build-id --eh-frame-hdr -m elf_x86_64 --hash-style=gnu --as-needed -export-dynamic -dynamic-linker /lib64/ld-linux-x86-64.so.2 -z relro -o cmTC_ede6e /usr/lib/gcc/x86_64-linux-gnu/5/../../../x86_64-linux-gnu/crt1.o /usr/lib/gcc/x86_64-linux-gnu/5/../../../x86_64-linux-gnu/crti.o /usr/lib/gcc/x86_64-linux-gnu/5/crtbegin.o -L/usr/lib/gcc/x86_64-linux-gnu/5 -L/usr/lib/gcc/x86_64-linux-gnu/5/../../../x86_64-linux-gnu -L/usr/lib/gcc/x86_64-linux-gnu/5/../../../../lib -L/lib/x86_64-linux-gnu -L/lib/../lib -L/usr/lib/x86_64-linux-gnu -L/usr/lib/../lib -L/usr/lib/gcc/x86_64-linux-gnu/5/../../.. CMakeFiles/cmTC_ede6e.dir/CMakeCCompilerABI.c.o -lgcc --as-needed -lgcc_s --no-as-needed -lc -lgcc --as-needed -lgcc_s --no-as-needed /usr/lib/gcc/x86_64-linux-gnu/5/crtend.o /usr/lib/gcc/x86_64-linux-gnu/5/../../../x86_64-linux-gnu/crtn.o
make[1]: se sale del directorio '/home/taihu/Documentos/jcorti_bkp/ApproxMVBB2/ApproxMVBB/CMakeFiles/CMakeTmp'


Parsed C implicit link information from above output:
  link line regex: [^( *|.*[/\])(ld|([^/\]+-)?ld|collect2)[^/\]*( |$)]
  ignore line: [Change Dir: /home/taihu/Documentos/jcorti_bkp/ApproxMVBB2/ApproxMVBB/CMakeFiles/CMakeTmp]
  ignore line: []
  ignore line: [Run Build Command:"/usr/bin/make" "cmTC_ede6e/fast"]
  ignore line: [/usr/bin/make -f CMakeFiles/cmTC_ede6e.dir/build.make CMakeFiles/cmTC_ede6e.dir/build]
  ignore line: [make[1]: se entra en el directorio '/home/taihu/Documentos/jcorti_bkp/ApproxMVBB2/ApproxMVBB/CMakeFiles/CMakeTmp']
  ignore line: [Building C object CMakeFiles/cmTC_ede6e.dir/CMakeCCompilerABI.c.o]
  ignore line: [/usr/bin/cc     -o CMakeFiles/cmTC_ede6e.dir/CMakeCCompilerABI.c.o   -c /usr/share/cmake-3.5/Modules/CMakeCCompilerABI.c]
  ignore line: [Linking C executable cmTC_ede6e]
  ignore line: [/usr/bin/cmake -E cmake_link_script CMakeFiles/cmTC_ede6e.dir/link.txt --verbose=1]
  ignore line: [/usr/bin/cc      -v CMakeFiles/cmTC_ede6e.dir/CMakeCCompilerABI.c.o  -o cmTC_ede6e -rdynamic  ]
  ignore line: [Using built-in specs.]
  ignore line: [COLLECT_GCC=/usr/bin/cc]
  ignore line: [COLLECT_LTO_WRAPPER=/usr/lib/gcc/x86_64-linux-gnu/5/lto-wrapper]
  ignore line: [Target: x86_64-linux-gnu]
  ignore line: [Configured with: ../src/configure -v --with-pkgversion='Ubuntu 5.4.0-6ubuntu1~16.04.11' --with-bugurl=file:///usr/share/doc/gcc-5/README.Bugs --enable-languages=c,ada,c++,java,go,d,fortran,objc,obj-c++ --prefix=/usr --program-suffix=-5 --enable-shared --enable-linker-build-id --libexecdir=/usr/lib --without-included-gettext --enable-threads=posix --libdir=/usr/lib --enable-nls --with-sysroot=/ --enable-clocale=gnu --enable-libstdcxx-debug --enable-libstdcxx-time=yes --with-default-libstdcxx-abi=new --enable-gnu-unique-object --disable-vtable-verify --enable-libmpx --enable-plugin --with-system-zlib --disable-browser-plugin --enable-java-awt=gtk --enable-gtk-cairo --with-java-home=/usr/lib/jvm/java-1.5.0-gcj-5-amd64/jre --enable-java-home --with-jvm-root-dir=/usr/lib/jvm/java-1.5.0-gcj-5-amd64 --with-jvm-jar-dir=/usr/lib/jvm-exports/java-1.5.0-gcj-5-amd64 --with-arch-directory=amd64 --with-ecj-jar=/usr/share/java/eclipse-ecj.jar --enable-objc-gc --enable-multiarch --disable-werror --with-arch-32=i686 --with-abi=m64 --with-multilib-list=m32,m64,mx32 --enable-multilib --with-tune=generic --enable-checking=release --build=x86_64-linux-gnu --host=x86_64-linux-gnu --target=x86_64-linux-gnu]
  ignore line: [Thread model: posix]
  ignore line: [gcc version 5.4.0 20160609 (Ubuntu 5.4.0-6ubuntu1~16.04.11) ]
  ignore line: [COMPILER_PATH=/usr/lib/gcc/x86_64-linux-gnu/5/:/usr/lib/gcc/x86_64-linux-gnu/5/:/usr/lib/gcc/x86_64-linux-gnu/:/usr/lib/gcc/x86_64-linux-gnu/5/:/usr/lib/gcc/x86_64-linux-gnu/]
  ignore line: [LIBRARY_PATH=/usr/lib/gcc/x86_64-linux-gnu/5/:/usr/lib/gcc/x86_64-linux-gnu/5/../../../x86_64-linux-gnu/:/usr/lib/gcc/x86_64-linux-gnu/5/../../../../lib/:/lib/x86_64-linux-gnu/:/lib/../lib/:/usr/lib/x86_64-linux-gnu/:/usr/lib/../lib/:/usr/lib/gcc/x86_64-linux-gnu/5/../../../:/lib/:/usr/lib/]
  ignore line: [COLLECT_GCC_OPTIONS='-v' '-o' 'cmTC_ede6e' '-rdynamic' '-mtune=generic' '-march=x86-64']
  link line: [ /usr/lib/gcc/x86_64-linux-gnu/5/collect2 -plugin /usr/lib/gcc/x86_64-linux-gnu/5/liblto_plugin.so -plugin-opt=/usr/lib/gcc/x86_64-linux-gnu/5/lto-wrapper -plugin-opt=-fresolution=/tmp/ccFHmqiC.res -plugin-opt=-pass-through=-lgcc -plugin-opt=-pass-through=-lgcc_s -plugin-opt=-pass-through=-lc -plugin-opt=-pass-through=-lgcc -plugin-opt=-pass-through=-lgcc_s --sysroot=/ --build-id --eh-frame-hdr -m elf_x86_64 --hash-style=gnu --as-needed -export-dynamic -dynamic-linker /lib64/ld-linux-x86-64.so.2 -z relro -o cmTC_ede6e /usr/lib/gcc/x86_64-linux-gnu/5/../../../x86_64-linux-gnu/crt1.o /usr/lib/gcc/x86_64-linux-gnu/5/../../../x86_64-linux-gnu/crti.o /usr/lib/gcc/x86_64-linux-gnu/5/crtbegin.o -L/usr/lib/gcc/x86_64-linux-gnu/5 -L/usr/lib/gcc/x86_64-linux-gnu/5/../../../x86_64-linux-gnu -L/usr/lib/gcc/x86_64-linux-gnu/5/../../../../lib -L/lib/x86_64-linux-gnu -L/lib/../lib -L/usr/lib/x86_64-linux-gnu -L/usr/lib/../lib -L/usr/lib/gcc/x86_64-linux-gnu/5/../../.. CMakeFiles/cmTC_ede6e.dir/CMakeCCompilerABI.c.o -lgcc --as-needed -lgcc_s --no-as-needed -lc -lgcc --as-needed -lgcc_s --no-as-needed /usr/lib/gcc/x86_64-linux-gnu/5/crtend.o /usr/lib/gcc/x86_64-linux-gnu/5/../../../x86_64-linux-gnu/crtn.o]
    arg [/usr/lib/gcc/x86_64-linux-gnu/5/collect2] ==> ignore
    arg [-plugin] ==> ignore
    arg [/usr/lib/gcc/x86_64-linux-gnu/5/liblto_plugin.so] ==> ignore
    arg [-plugin-opt=/usr/lib/gcc/x86_64-linux-gnu/5/lto-wrapper] ==> ignore
    arg [-plugin-opt=-fresolution=/tmp/ccFHmqiC.res] ==> ignore
    arg [-plugin-opt=-pass-through=-lgcc] ==> ignore
    arg [-plugin-opt=-pass-through=-lgcc_s] ==> ignore
    arg [-plugin-opt=-pass-through=-lc] ==> ignore
    arg [-plugin-opt=-pass-through=-lgcc] ==> ignore
    arg [-plugin-opt=-pass-through=-lgcc_s] ==> ignore
    arg [--sysroot=/] ==> ignore
    arg [--build-id] ==> ignore
    arg [--eh-frame-hdr] ==> ignore
    arg [-m] ==> ignore
    arg [elf_x86_64] ==> ignore
    arg [--hash-style=gnu] ==> ignore
    arg [--as-needed] ==> ignore
    arg [-export-dynamic] ==> ignore
    arg [-dynamic-linker] ==> ignore
    arg [/lib64/ld-linux-x86-64.so.2] ==> ignore
    arg [-zrelro] ==> ignore
    arg [-o] ==> ignore
    arg [cmTC_ede6e] ==> ignore
    arg [/usr/lib/gcc/x86_64-linux-gnu/5/../../../x86_64-linux-gnu/crt1.o] ==> ignore
    arg [/usr/lib/gcc/x86_64-linux-gnu/5/../../../x86_64-linux-gnu/crti.o] ==> ignore
    arg [/usr/lib/gcc/x86_64-linux-gnu/5/crtbegin.o] ==> ignore
    arg [-L/usr/lib/gcc/x86_64-linux-gnu/5] ==> dir [/usr/lib/gcc/x86_64-linux-gnu/5]
    arg [-L/usr/lib/gcc/x86_64-linux-gnu/5/../../../x86_64-linux-gnu] ==> dir [/usr/lib/gcc/x86_64-linux-gnu/5/../../../x86_64-linux-gnu]
    arg [-L/usr/lib/gcc/x86_64-linux-gnu/5/../../../../lib] ==> dir [/usr/lib/gcc/x86_64-linux-gnu/5/../../../../lib]
    arg [-L/lib/x86_64-linux-gnu] ==> dir [/lib/x86_64-linux-gnu]
    arg [-L/lib/../lib] ==> dir [/lib/../lib]
    arg [-L/usr/lib/x86_64-linux-gnu] ==> dir [/usr/lib/x86_64-linux-gnu]
    arg [-L/usr/lib/../lib] ==> dir [/usr/lib/../lib]
    arg [-L/usr/lib/gcc/x86_64-linux-gnu/5/../../..] ==> dir [/usr/lib/gcc/x86_64-linux-gnu/5/../../..]
    arg [CMakeFiles/cmTC_ede6e.dir/CMakeCCompilerABI.c.o] ==> ignore
    arg [-lgcc] ==> lib [gcc]
    arg [--as-needed] ==> ignore
    arg [-lgcc_s] ==> lib [gcc_s]
    arg [--no-as-needed] ==> ignore
    arg [-lc] ==> lib [c]
    arg [-lgcc] ==> lib [gcc]
    arg [--as-needed] ==> ignore
    arg [-lgcc_s] ==> lib [gcc_s]
    arg [--no-as-needed] ==> ignore
    arg [/usr/lib/gcc/x86_64-linux-gnu/5/crtend.o] ==> ignore
    arg [/usr/lib/gcc/x86_64-linux-gnu/5/../../../x86_64-linux-gnu/crtn.o] ==> ignore
  remove lib [gcc]
  remove lib [gcc_s]
  remove lib [gcc]
  remove lib [gcc_s]
  collapse library dir [/usr/lib/gcc/x86_64-linux-gnu/5] ==> [/usr/lib/gcc/x86_64-linux-gnu/5]
  collapse library dir [/usr/lib/gcc/x86_64-linux-gnu/5/../../../x86_64-linux-gnu] ==> [/usr/lib/x86_64-linux-gnu]
  collapse library dir [/usr/lib/gcc/x86_64-linux-gnu/5/../../../../lib] ==> [/usr/lib]
  collapse library dir [/lib/x86_64-linux-gnu] ==> [/lib/x86_64-linux-gnu]
  collapse library dir [/lib/../lib] ==> [/lib]
  collapse library dir [/usr/lib/x86_64-linux-gnu] ==> [/usr/lib/x86_64-linux-gnu]
  collapse library dir [/usr/lib/../lib] ==> [/usr/lib]
  collapse library dir [/usr/lib/gcc/x86_64-linux-gnu/5/../../..] ==> [/usr/lib]
  implicit libs: [c]
  implicit dirs: [/usr/lib/gcc/x86_64-linux-gnu/5;/usr/lib/x86_64-linux-gnu;/usr/lib;/lib/x86_64-linux-gnu;/lib]
  implicit fwks: []




Detecting C [-std=c11] compiler features compiled with the following output:
Change Dir: /home/taihu/Documentos/jcorti_bkp/ApproxMVBB2/ApproxMVBB/CMakeFiles/CMakeTmp

Run Build Command:"/usr/bin/make" "cmTC_4986c/fast"
/usr/bin/make -f CMakeFiles/cmTC_4986c.dir/build.make CMakeFiles/cmTC_4986c.dir/build
make[1]: se entra en el directorio '/home/taihu/Documentos/jcorti_bkp/ApproxMVBB2/ApproxMVBB/CMakeFiles/CMakeTmp'
Building C object CMakeFiles/cmTC_4986c.dir/feature_tests.c.o
/usr/bin/cc    -std=c11 -o CMakeFiles/cmTC_4986c.dir/feature_tests.c.o   -c /home/taihu/Documentos/jcorti_bkp/ApproxMVBB2/ApproxMVBB/CMakeFiles/feature_tests.c
Linking C executable cmTC_4986c
/usr/bin/cmake -E cmake_link_script CMakeFiles/cmTC_4986c.dir/link.txt --verbose=1
/usr/bin/cc       CMakeFiles/cmTC_4986c.dir/feature_tests.c.o  -o cmTC_4986c -rdynamic 
make[1]: se sale del directorio '/home/taihu/Documentos/jcorti_bkp/ApproxMVBB2/ApproxMVBB/CMakeFiles/CMakeTmp'


    Feature record: C_FEATURE:1c_function_prototypes
    Feature record: C_FEATURE:1c_restrict
    Feature record: C_FEATURE:1c_static_assert
    Feature record: C_FEATURE:1c_variadic_macros


Detecting C [-std=c99] compiler features compiled with the following output:
Change Dir: /home/taihu/Documentos/jcorti_bkp/ApproxMVBB2/ApproxMVBB/CMakeFiles/CMakeTmp

Run Build Command:"/usr/bin/make" "cmTC_33f66/fast"
/usr/bin/make -f CMakeFiles/cmTC_33f66.dir/build.make CMakeFiles/cmTC_33f66.dir/build
make[1]: se entra en el directorio '/home/taihu/Documentos/jcorti_bkp/ApproxMVBB2/ApproxMVBB/CMakeFiles/CMakeTmp'
Building C object CMakeFiles/cmTC_33f66.dir/feature_tests.c.o
/usr/bin/cc    -std=c99 -o CMakeFiles/cmTC_33f66.dir/feature_tests.c.o   -c /home/taihu/Documentos/jcorti_bkp/ApproxMVBB2/ApproxMVBB/CMakeFiles/feature_tests.c
Linking C executable cmTC_33f66
/usr/bin/cmake -E cmake_link_script CMakeFiles/cmTC_33f66.dir/link.txt --verbose=1
/usr/bin/cc       CMakeFiles/cmTC_33f66.dir/feature_tests.c.o  -o cmTC_33f66 -rdynamic 
make[1]: se sale del directorio '/home/taihu/Documentos/jcorti_bkp/ApproxMVBB2/ApproxMVBB/CMakeFiles/CMakeTmp'


    Feature record: C_FEATURE:1c_function_prototypes
    Feature record: C_FEATURE:1c_restrict
    Feature record: C_FEATURE:0c_static_assert
    Feature record: C_FEATURE:1c_variadic_macros


Detecting C [-std=c90] compiler features compiled with the following output:
Change Dir: /home/taihu/Documentos/jcorti_bkp/ApproxMVBB2/ApproxMVBB/CMakeFiles/CMakeTmp

Run Build Command:"/usr/bin/make" "cmTC_e1bc9/fast"
/usr/bin/make -f CMakeFiles/cmTC_e1bc9.dir/build.make CMakeFiles/cmTC_e1bc9.dir/build
make[1]: se entra en el directorio '/home/taihu/Documentos/jcorti_bkp/ApproxMVBB2/ApproxMVBB/CMakeFiles/CMakeTmp'
Building C object CMakeFiles/cmTC_e1bc9.dir/feature_tests.c.o
/usr/bin/cc    -std=c90 -o CMakeFiles/cmTC_e1bc9.dir/feature_tests.c.o   -c /home/taihu/Documentos/jcorti_bkp/ApproxMVBB2/ApproxMVBB/CMakeFiles/feature_tests.c
Linking C executable cmTC_e1bc9
/usr/bin/cmake -E cmake_link_script CMakeFiles/cmTC_e1bc9.dir/link.txt --verbose=1
/usr/bin/cc       CMakeFiles/cmTC_e1bc9.dir/feature_tests.c.o  -o cmTC_e1bc9 -rdynamic 
make[1]: se sale del directorio '/home/taihu/Documentos/jcorti_bkp/ApproxMVBB2/ApproxMVBB/CMakeFiles/CMakeTmp'


    Feature record: C_FEATURE:1c_function_prototypes
    Feature record: C_FEATURE:0c_restrict
    Feature record: C_FEATURE:0c_static_assert
    Feature record: C_FEATURE:0c_variadic_macros
Determining if the CXX compiler works passed with the following output:
Change Dir: /home/taihu/Documentos/jcorti_bkp/ApproxMVBB2/ApproxMVBB/CMakeFiles/CMakeTmp

Run Build Command:"/usr/bin/make" "cmTC_a9451/fast"
/usr/bin/make -f CMakeFiles/cmTC_a9451.dir/build.make CMakeFiles/cmTC_a9451.dir/build
make[1]: se entra en el directorio '/home/taihu/Documentos/jcorti_bkp/ApproxMVBB2/ApproxMVBB/CMakeFiles/CMakeTmp'
Building CXX object CMakeFiles/cmTC_a9451.dir/testCXXCompiler.cxx.o
/usr/bin/c++      -o CMakeFiles/cmTC_a9451.dir/testCXXCompiler.cxx.o -c /home/taihu/Documentos/jcorti_bkp/ApproxMVBB2/ApproxMVBB/CMakeFiles/CMakeTmp/testCXXCompiler.cxx
Linking CXX executable cmTC_a9451
/usr/bin/cmake -E cmake_link_script CMakeFiles/cmTC_a9451.dir/link.txt --verbose=1
/usr/bin/c++        CMakeFiles/cmTC_a9451.dir/testCXXCompiler.cxx.o  -o cmTC_a9451 -rdynamic 
make[1]: se sale del directorio '/home/taihu/Documentos/jcorti_bkp/ApproxMVBB2/ApproxMVBB/CMakeFiles/CMakeTmp'


Detecting CXX compiler ABI info compiled with the following output:
Change Dir: /home/taihu/Documentos/jcorti_bkp/ApproxMVBB2/ApproxMVBB/CMakeFiles/CMakeTmp

Run Build Command:"/usr/bin/make" "cmTC_7bb5b/fast"
/usr/bin/make -f CMakeFiles/cmTC_7bb5b.dir/build.make CMakeFiles/cmTC_7bb5b.dir/build
make[1]: se entra en el directorio '/home/taihu/Documentos/jcorti_bkp/ApproxMVBB2/ApproxMVBB/CMakeFiles/CMakeTmp'
Building CXX object CMakeFiles/cmTC_7bb5b.dir/CMakeCXXCompilerABI.cpp.o
/usr/bin/c++      -o CMakeFiles/cmTC_7bb5b.dir/CMakeCXXCompilerABI.cpp.o -c /usr/share/cmake-3.5/Modules/CMakeCXXCompilerABI.cpp
Linking CXX executable cmTC_7bb5b
/usr/bin/cmake -E cmake_link_script CMakeFiles/cmTC_7bb5b.dir/link.txt --verbose=1
/usr/bin/c++       -v CMakeFiles/cmTC_7bb5b.dir/CMakeCXXCompilerABI.cpp.o  -o cmTC_7bb5b -rdynamic  
Using built-in specs.
COLLECT_GCC=/usr/bin/c++
COLLECT_LTO_WRAPPER=/usr/lib/gcc/x86_64-linux-gnu/5/lto-wrapper
Target: x86_64-linux-gnu
Configured with: ../src/configure -v --with-pkgversion='Ubuntu 5.4.0-6ubuntu1~16.04.11' --with-bugurl=file:///usr/share/doc/gcc-5/README.Bugs --enable-languages=c,ada,c++,java,go,d,fortran,objc,obj-c++ --prefix=/usr --program-suffix=-5 --enable-shared --enable-linker-build-id --libexecdir=/usr/lib --without-included-gettext --enable-threads=posix --libdir=/usr/lib --enable-nls --with-sysroot=/ --enable-clocale=gnu --enable-libstdcxx-debug --enable-libstdcxx-time=yes --with-default-libstdcxx-abi=new --enable-gnu-unique-object --disable-vtable-verify --enable-libmpx --enable-plugin --with-system-zlib --disable-browser-plugin --enable-java-awt=gtk --enable-gtk-cairo --with-java-home=/usr/lib/jvm/java-1.5.0-gcj-5-amd64/jre --enable-java-home --with-jvm-root-dir=/usr/lib/jvm/java-1.5.0-gcj-5-amd64 --with-jvm-jar-dir=/usr/lib/jvm-exports/java-1.5.0-gcj-5-amd64 --with-arch-directory=amd64 --with-ecj-jar=/usr/share/java/eclipse-ecj.jar --enable-objc-gc --enable-multiarch --disable-werror --with-arch-32=i686 --with-abi=m64 --with-multilib-list=m32,m64,mx32 --enable-multilib --with-tune=generic --enable-checking=release --build=x86_64-linux-gnu --host=x86_64-linux-gnu --target=x86_64-linux-gnu
Thread model: posix
gcc version 5.4.0 20160609 (Ubuntu 5.4.0-6ubuntu1~16.04.11) 
COMPILER_PATH=/usr/lib/gcc/x86_64-linux-gnu/5/:/usr/lib/gcc/x86_64-linux-gnu/5/:/usr/lib/gcc/x86_64-linux-gnu/:/usr/lib/gcc/x86_64-linux-gnu/5/:/usr/lib/gcc/x86_64-linux-gnu/
LIBRARY_PATH=/usr/lib/gcc/x86_64-linux-gnu/5/:/usr/lib/gcc/x86_64-linux-gnu/5/../../../x86_64-linux-gnu/:/usr/lib/gcc/x86_64-linux-gnu/5/../../../../lib/:/lib/x86_64-linux-gnu/:/lib/../lib/:/usr/lib/x86_64-linux-gnu/:/usr/lib/../lib/:/usr/lib/gcc/x86_64-linux-gnu/5/../../../:/lib/:/usr/lib/
COLLECT_GCC_OPTIONS='-v' '-o' 'cmTC_7bb5b' '-rdynamic' '-shared-libgcc' '-mtune=generic' '-march=x86-64'
 /usr/lib/gcc/x86_64-linux-gnu/5/collect2 -plugin /usr/lib/gcc/x86_64-linux-gnu/5/liblto_plugin.so -plugin-opt=/usr/lib/gcc/x86_64-linux-gnu/5/lto-wrapper -plugin-opt=-fresolution=/tmp/ccHcEvlU.res -plugin-opt=-pass-through=-lgcc_s -plugin-opt=-pass-through=-lgcc -plugin-opt=-pass-through=-lc -plugin-opt=-pass-through=-lgcc_s -plugin-opt=-pass-through=-lgcc --sysroot=/ --build-id --eh-frame-hdr -m elf_x86_64 --hash-style=gnu --as-needed -export-dynamic -dynamic-linker /lib64/ld-linux-x86-64.so.2 -z relro -o cmTC_7bb5b /usr/lib/gcc/x86_64-linux-gnu/5/../../../x86_64-linux-gnu/crt1.o /usr/lib/gcc/x86_64-linux-gnu/5/../../../x86_64-linux-gnu/crti.o /usr/lib/gcc/x86_64-linux-gnu/5/crtbegin.o -L/usr/lib/gcc/x86_64-linux-gnu/5 -L/usr/lib/gcc/x86_64-linux-gnu/5/../../../x86_64-linux-gnu -L/usr/lib/gcc/x86_64-linux-gnu/5/../../../../lib -L/lib/x86_64-linux-gnu -L/lib/../lib -L/usr/lib/x86_64-linux-gnu -L/usr/lib/../lib -L/usr/lib/gcc/x86_64-linux-gnu/5/../../.. CMakeFiles/cmTC_7bb5b.dir/CMakeCXXCompilerABI.cpp.o -lstdc++ -lm -lgcc_s -lgcc -lc -lgcc_s -lgcc /usr/lib/gcc/x86_64-linux-gnu/5/crtend.o /usr/lib/gcc/x86_64-linux-gnu/5/../../../x86_64-linux-gnu/crtn.o
make[1]: se sale del directorio '/home/taihu/Documentos/jcorti_bkp/ApproxMVBB2/ApproxMVBB/CMakeFiles/CMakeTmp'


Parsed CXX implicit link information from above output:
  link line regex: [^( *|.*[/\])(ld|([^/\]+-)?ld|collect2)[^/\]*( |$)]
  ignore line: [Change Dir: /home/taihu/Documentos/jcorti_bkp/ApproxMVBB2/ApproxMVBB/CMakeFiles/CMakeTmp]
  ignore line: []
  ignore line: [Run Build Command:"/usr/bin/make" "cmTC_7bb5b/fast"]
  ignore line: [/usr/bin/make -f CMakeFiles/cmTC_7bb5b.dir/build.make CMakeFiles/cmTC_7bb5b.dir/build]
  ignore line: [make[1]: se entra en el directorio '/home/taihu/Documentos/jcorti_bkp/ApproxMVBB2/ApproxMVBB/CMakeFiles/CMakeTmp']
  ignore line: [Building CXX object CMakeFiles/cmTC_7bb5b.dir/CMakeCXXCompilerABI.cpp.o]
  ignore line: [/usr/bin/c++      -o CMakeFiles/cmTC_7bb5b.dir/CMakeCXXCompilerABI.cpp.o -c /usr/share/cmake-3.5/Modules/CMakeCXXCompilerABI.cpp]
  ignore line: [Linking CXX executable cmTC_7bb5b]
  ignore line: [/usr/bin/cmake -E cmake_link_script CMakeFiles/cmTC_7bb5b.dir/link.txt --verbose=1]
  ignore line: [/usr/bin/c++       -v CMakeFiles/cmTC_7bb5b.dir/CMakeCXXCompilerABI.cpp.o  -o cmTC_7bb5b -rdynamic  ]
  ignore line: [Using built-in specs.]
  ignore line: [COLLECT_GCC=/usr/bin/c++]
  ignore line: [COLLECT_LTO_WRAPPER=/usr/lib/gcc/x86_64-linux-gnu/5/lto-wrapper]
  ignore line: [Target: x86_64-linux-gnu]
  ignore line: [Configured with: ../src/configure -v --with-pkgversion='Ubuntu 5.4.0-6ubuntu1~16.04.11' --with-bugurl=file:///usr/share/doc/gcc-5/README.Bugs --enable-languages=c,ada,c++,java,go,d,fortran,objc,obj-c++ --prefix=/usr --program-suffix=-5 --enable-shared --enable-linker-build-id --libexecdir=/usr/lib --without-included-gettext --enable-threads=posix --libdir=/usr/lib --enable-nls --with-sysroot=/ --enable-clocale=gnu --enable-libstdcxx-debug --enable-libstdcxx-time=yes --with-default-libstdcxx-abi=new --enable-gnu-unique-object --disable-vtable-verify --enable-libmpx --enable-plugin --with-system-zlib --disable-browser-plugin --enable-java-awt=gtk --enable-gtk-cairo --with-java-home=/usr/lib/jvm/java-1.5.0-gcj-5-amd64/jre --enable-java-home --with-jvm-root-dir=/usr/lib/jvm/java-1.5.0-gcj-5-amd64 --with-jvm-jar-dir=/usr/lib/jvm-exports/java-1.5.0-gcj-5-amd64 --with-arch-directory=amd64 --with-ecj-jar=/usr/share/java/eclipse-ecj.jar --enable-objc-gc --enable-multiarch --disable-werror --with-arch-32=i686 --with-abi=m64 --with-multilib-list=m32,m64,mx32 --enable-multilib --with-tune=generic --enable-checking=release --build=x86_64-linux-gnu --host=x86_64-linux-gnu --target=x86_64-linux-gnu]
  ignore line: [Thread model: posix]
  ignore line: [gcc version 5.4.0 20160609 (Ubuntu 5.4.0-6ubuntu1~16.04.11) ]
  ignore line: [COMPILER_PATH=/usr/lib/gcc/x86_64-linux-gnu/5/:/usr/lib/gcc/x86_64-linux-gnu/5/:/usr/lib/gcc/x86_64-linux-gnu/:/usr/lib/gcc/x86_64-linux-gnu/5/:/usr/lib/gcc/x86_64-linux-gnu/]
  ignore line: [LIBRARY_PATH=/usr/lib/gcc/x86_64-linux-gnu/5/:/usr/lib/gcc/x86_64-linux-gnu/5/../../../x86_64-linux-gnu/:/usr/lib/gcc/x86_64-linux-gnu/5/../../../../lib/:/lib/x86_64-linux-gnu/:/lib/../lib/:/usr/lib/x86_64-linux-gnu/:/usr/lib/../lib/:/usr/lib/gcc/x86_64-linux-gnu/5/../../../:/lib/:/usr/lib/]
  ignore line: [COLLECT_GCC_OPTIONS='-v' '-o' 'cmTC_7bb5b' '-rdynamic' '-shared-libgcc' '-mtune=generic' '-march=x86-64']
  link line: [ /usr/lib/gcc/x86_64-linux-gnu/5/collect2 -plugin /usr/lib/gcc/x86_64-linux-gnu/5/liblto_plugin.so -plugin-opt=/usr/lib/gcc/x86_64-linux-gnu/5/lto-wrapper -plugin-opt=-fresolution=/tmp/ccHcEvlU.res -plugin-opt=-pass-through=-lgcc_s -plugin-opt=-pass-through=-lgcc -plugin-opt=-pass-through=-lc -plugin-opt=-pass-through=-lgcc_s -plugin-opt=-pass-through=-lgcc --sysroot=/ --build-id --eh-frame-hdr -m elf_x86_64 --hash-style=gnu --as-needed -export-dynamic -dynamic-linker /lib64/ld-linux-x86-64.so.2 -z relro -o cmTC_7bb5b /usr/lib/gcc/x86_64-linux-gnu/5/../../../x86_64-linux-gnu/crt1.o /usr/lib/gcc/x86_64-linux-gnu/5/../../../x86_64-linux-gnu/crti.o /usr/lib/gcc/x86_64-linux-gnu/5/crtbegin.o -L/usr/lib/gcc/x86_64-linux-gnu/5 -L/usr/lib/gcc/x86_64-linux-gnu/5/../../../x86_64-linux-gnu -L/usr/lib/gcc/x86_64-linux-gnu/5/../../../../lib -L/lib/x86_64-linux-gnu -L/lib/../lib -L/usr/lib/x86_64-linux-gnu -L/usr/lib/../lib -L/usr/lib/gcc/x86_64-linux-gnu/5/../../.. CMakeFiles/cmTC_7bb5b.dir/CMakeCXXCompilerABI.cpp.o -lstdc++ -lm -lgcc_s -lgcc -lc -lgcc_s -lgcc /usr/lib/gcc/x86_64-linux-gnu/5/crtend.o /usr/lib/gcc/x86_64-linux-gnu/5/../../../x86_64-linux-gnu/crtn.o]
    arg [/usr/lib/gcc/x86_64-linux-gnu/5/collect2] ==> ignore
    arg [-plugin] ==> ignore
    arg [/usr/lib/gcc/x86_64-linux-gnu/5/liblto_plugin.so] ==> ignore
    arg [-plugin-opt=/usr/lib/gcc/x86_64-linux-gnu/5/lto-wrapper] ==> ignore
    arg [-plugin-opt=-fresolution=/tmp/ccHcEvlU.res] ==> ignore
    arg [-plugin-opt=-pass-through=-lgcc_s] ==> ignore
    arg [-plugin-opt=-pass-through=-lgcc] ==> ignore
    arg [-plugin-opt=-pass-through=-lc] ==> ignore
    arg [-plugin-opt=-pass-through=-lgcc_s] ==> ignore
    arg [-plugin-opt=-pass-through=-lgcc] ==> ignore
    arg [--sysroot=/] ==> ignore
    arg [--build-id] ==> ignore
    arg [--eh-frame-hdr] ==> ignore
    arg [-m] ==> ignore
    arg [elf_x86_64] ==> ignore
    arg [--hash-style=gnu] ==> ignore
    arg [--as-needed] ==> ignore
    arg [-export-dynamic] ==> ignore
    arg [-dynamic-linker] ==> ignore
    arg [/lib64/ld-linux-x86-64.so.2] ==> ignore
    arg [-zrelro] ==> ignore
    arg [-o] ==> ignore
    arg [cmTC_7bb5b] ==> ignore
    arg [/usr/lib/gcc/x86_64-linux-gnu/5/../../../x86_64-linux-gnu/crt1.o] ==> ignore
    arg [/usr/lib/gcc/x86_64-linux-gnu/5/../../../x86_64-linux-gnu/crti.o] ==> ignore
    arg [/usr/lib/gcc/x86_64-linux-gnu/5/crtbegin.o] ==> ignore
    arg [-L/usr/lib/gcc/x86_64-linux-gnu/5] ==> dir [/usr/lib/gcc/x86_64-linux-gnu/5]
    arg [-L/usr/lib/gcc/x86_64-linux-gnu/5/../../../x86_64-linux-gnu] ==> dir [/usr/lib/gcc/x86_64-linux-gnu/5/../../../x86_64-linux-gnu]
    arg [-L/usr/lib/gcc/x86_64-linux-gnu/5/../../../../lib] ==> dir [/usr/lib/gcc/x86_64-linux-gnu/5/../../../../lib]
    arg [-L/lib/x86_64-linux-gnu] ==> dir [/lib/x86_64-linux-gnu]
    arg [-L/lib/../lib] ==> dir [/lib/../lib]
    arg [-L/usr/lib/x86_64-linux-gnu] ==> dir [/usr/lib/x86_64-linux-gnu]
    arg [-L/usr/lib/../lib] ==> dir [/usr/lib/../lib]
    arg [-L/usr/lib/gcc/x86_64-linux-gnu/5/../../..] ==> dir [/usr/lib/gcc/x86_64-linux-gnu/5/../../..]
    arg [CMakeFiles/cmTC_7bb5b.dir/CMakeCXXCompilerABI.cpp.o] ==> ignore
    arg [-lstdc++] ==> lib [stdc++]
    arg [-lm] ==> lib [m]
    arg [-lgcc_s] ==> lib [gcc_s]
    arg [-lgcc] ==> lib [gcc]
    arg [-lc] ==> lib [c]
    arg [-lgcc_s] ==> lib [gcc_s]
    arg [-lgcc] ==> lib [gcc]
    arg [/usr/lib/gcc/x86_64-linux-gnu/5/crtend.o] ==> ignore
    arg [/usr/lib/gcc/x86_64-linux-gnu/5/../../../x86_64-linux-gnu/crtn.o] ==> ignore
  remove lib [gcc_s]
  remove lib [gcc]
  remove lib [gcc_s]
  remove lib [gcc]
  collapse library dir [/usr/lib/gcc/x86_64-linux-gnu/5] ==> [/usr/lib/gcc/x86_64-linux-gnu/5]
  collapse library dir [/usr/lib/gcc/x86_64-linux-gnu/5/../../../x86_64-linux-gnu] ==> [/usr/lib/x86_64-linux-gnu]
  collapse library dir [/usr/lib/gcc/x86_64-linux-gnu/5/../../../../lib] ==> [/usr/lib]
  collapse library dir [/lib/x86_64-linux-gnu] ==> [/lib/x86_64-linux-gnu]
  collapse library dir [/lib/../lib] ==> [/lib]
  collapse library dir [/usr/lib/x86_64-linux-gnu] ==> [/usr/lib/x86_64-linux-gnu]
  collapse library dir [/usr/lib/../lib] ==> [/usr/lib]
  collapse library dir [/usr/lib/gcc/x86_64-linux-gnu/5/../../..] ==> [/usr/lib]
  implicit libs: [stdc++;m;c]
  implicit dirs: [/usr/lib/gcc/x86_64-linux-gnu/5;/usr/lib/x86_64-linux-gnu;/usr/lib;/lib/x86_64-linux-gnu;/lib]
  implicit fwks: []




Detecting CXX [-std=c++14] compiler features compiled with the following output:
Change Dir: /home/taihu/Documentos/jcorti_bkp/ApproxMVBB2/ApproxMVBB/CMakeFiles/CMakeTmp

Run Build Command:"/usr/bin/make" "cmTC_e965d/fast"
/usr/bin/make -f CMakeFiles/cmTC_e965d.dir/build.make CMakeFiles/cmTC_e965d.dir/build
make[1]: se entra en el directorio '/home/taihu/Documentos/jcorti_bkp/ApproxMVBB2/ApproxMVBB/CMakeFiles/CMakeTmp'
Building CXX object CMakeFiles/cmTC_e965d.dir/feature_tests.cxx.o
/usr/bin/c++     -std=c++14 -o CMakeFiles/cmTC_e965d.dir/feature_tests.cxx.o -c /home/taihu/Documentos/jcorti_bkp/ApproxMVBB2/ApproxMVBB/CMakeFiles/feature_tests.cxx
Linking CXX executable cmTC_e965d
/usr/bin/cmake -E cmake_link_script CMakeFiles/cmTC_e965d.dir/link.txt --verbose=1
/usr/bin/c++        CMakeFiles/cmTC_e965d.dir/feature_tests.cxx.o  -o cmTC_e965d -rdynamic 
make[1]: se sale del directorio '/home/taihu/Documentos/jcorti_bkp/ApproxMVBB2/ApproxMVBB/CMakeFiles/CMakeTmp'


    Feature record: CXX_FEATURE:1cxx_aggregate_default_initializers
    Feature record: CXX_FEATURE:1cxx_alias_templates
    Feature record: CXX_FEATURE:1cxx_alignas
    Feature record: CXX_FEATURE:1cxx_alignof
    Feature record: CXX_FEATURE:1cxx_attributes
    Feature record: CXX_FEATURE:1cxx_attribute_deprecated
    Feature record: CXX_FEATURE:1cxx_auto_type
    Feature record: CXX_FEATURE:1cxx_binary_literals
    Feature record: CXX_FEATURE:1cxx_constexpr
    Feature record: CXX_FEATURE:1cxx_contextual_conversions
    Feature record: CXX_FEATURE:1cxx_decltype
    Feature record: CXX_FEATURE:1cxx_decltype_auto
    Feature record: CXX_FEATURE:1cxx_decltype_incomplete_return_types
    Feature record: CXX_FEATURE:1cxx_default_function_template_args
    Feature record: CXX_FEATURE:1cxx_defaulted_functions
    Feature record: CXX_FEATURE:1cxx_defaulted_move_initializers
    Feature record: CXX_FEATURE:1cxx_delegating_constructors
    Feature record: CXX_FEATURE:1cxx_deleted_functions
    Feature record: CXX_FEATURE:1cxx_digit_separators
    Feature record: CXX_FEATURE:1cxx_enum_forward_declarations
    Feature record: CXX_FEATURE:1cxx_explicit_conversions
    Feature record: CXX_FEATURE:1cxx_extended_friend_declarations
    Feature record: CXX_FEATURE:1cxx_extern_templates
    Feature record: CXX_FEATURE:1cxx_final
    Feature record: CXX_FEATURE:1cxx_func_identifier
    Feature record: CXX_FEATURE:1cxx_generalized_initializers
    Feature record: CXX_FEATURE:1cxx_generic_lambdas
    Feature record: CXX_FEATURE:1cxx_inheriting_constructors
    Feature record: CXX_FEATURE:1cxx_inline_namespaces
    Feature record: CXX_FEATURE:1cxx_lambdas
    Feature record: CXX_FEATURE:1cxx_lambda_init_captures
    Feature record: CXX_FEATURE:1cxx_local_type_template_args
    Feature record: CXX_FEATURE:1cxx_long_long_type
    Feature record: CXX_FEATURE:1cxx_noexcept
    Feature record: CXX_FEATURE:1cxx_nonstatic_member_init
    Feature record: CXX_FEATURE:1cxx_nullptr
    Feature record: CXX_FEATURE:1cxx_override
    Feature record: CXX_FEATURE:1cxx_range_for
    Feature record: CXX_FEATURE:1cxx_raw_string_literals
    Feature record: CXX_FEATURE:1cxx_reference_qualified_functions
    Feature record: CXX_FEATURE:1cxx_relaxed_constexpr
    Feature record: CXX_FEATURE:1cxx_return_type_deduction
    Feature record: CXX_FEATURE:1cxx_right_angle_brackets
    Feature record: CXX_FEATURE:1cxx_rvalue_references
    Feature record: CXX_FEATURE:1cxx_sizeof_member
    Feature record: CXX_FEATURE:1cxx_static_assert
    Feature record: CXX_FEATURE:1cxx_strong_enums
    Feature record: CXX_FEATURE:1cxx_template_template_parameters
    Feature record: CXX_FEATURE:1cxx_thread_local
    Feature record: CXX_FEATURE:1cxx_trailing_return_types
    Feature record: CXX_FEATURE:1cxx_unicode_literals
    Feature record: CXX_FEATURE:1cxx_uniform_initialization
    Feature record: CXX_FEATURE:1cxx_unrestricted_unions
    Feature record: CXX_FEATURE:1cxx_user_literals
    Feature record: CXX_FEATURE:1cxx_variable_templates
    Feature record: CXX_FEATURE:1cxx_variadic_macros
    Feature record: CXX_FEATURE:1cxx_variadic_templates


Detecting CXX [-std=c++11] compiler features compiled with the following output:
Change Dir: /home/taihu/Documentos/jcorti_bkp/ApproxMVBB2/ApproxMVBB/CMakeFiles/CMakeTmp

Run Build Command:"/usr/bin/make" "cmTC_1b0b0/fast"
/usr/bin/make -f CMakeFiles/cmTC_1b0b0.dir/build.make CMakeFiles/cmTC_1b0b0.dir/build
make[1]: se entra en el directorio '/home/taihu/Documentos/jcorti_bkp/ApproxMVBB2/ApproxMVBB/CMakeFiles/CMakeTmp'
Building CXX object CMakeFiles/cmTC_1b0b0.dir/feature_tests.cxx.o
/usr/bin/c++     -std=c++11 -o CMakeFiles/cmTC_1b0b0.dir/feature_tests.cxx.o -c /home/taihu/Documentos/jcorti_bkp/ApproxMVBB2/ApproxMVBB/CMakeFiles/feature_tests.cxx
Linking CXX executable cmTC_1b0b0
/usr/bin/cmake -E cmake_link_script CMakeFiles/cmTC_1b0b0.dir/link.txt --verbose=1
/usr/bin/c++        CMakeFiles/cmTC_1b0b0.dir/feature_tests.cxx.o  -o cmTC_1b0b0 -rdynamic 
make[1]: se sale del directorio '/home/taihu/Documentos/jcorti_bkp/ApproxMVBB2/ApproxMVBB/CMakeFiles/CMakeTmp'


    Feature record: CXX_FEATURE:0cxx_aggregate_default_initializers
    Feature record: CXX_FEATURE:1cxx_alias_templates
    Feature record: CXX_FEATURE:1cxx_alignas
    Feature record: CXX_FEATURE:1cxx_alignof
    Feature record: CXX_FEATURE:1cxx_attributes
    Feature record: CXX_FEATURE:0cxx_attribute_deprecated
    Feature record: CXX_FEATURE:1cxx_auto_type
    Feature record: CXX_FEATURE:0cxx_binary_literals
    Feature record: CXX_FEATURE:1cxx_constexpr
    Feature record: CXX_FEATURE:0cxx_contextual_conversions
    Feature record: CXX_FEATURE:1cxx_decltype
    Feature record: CXX_FEATURE:0cxx_decltype_auto
    Feature record: CXX_FEATURE:1cxx_decltype_incomplete_return_types
    Feature record: CXX_FEATURE:1cxx_default_function_template_args
    Feature record: CXX_FEATURE:1cxx_defaulted_functions
    Feature record: CXX_FEATURE:1cxx_defaulted_move_initializers
    Feature record: CXX_FEATURE:1cxx_delegating_constructors
    Feature record: CXX_FEATURE:1cxx_deleted_functions
    Feature record: CXX_FEATURE:0cxx_digit_separators
    Feature record: CXX_FEATURE:1cxx_enum_forward_declarations
    Feature record: CXX_FEATURE:1cxx_explicit_conversions
    Feature record: CXX_FEATURE:1cxx_extended_friend_declarations
    Feature record: CXX_FEATURE:1cxx_extern_templates
    Feature record: CXX_FEATURE:1cxx_final
    Feature record: CXX_FEATURE:1cxx_func_identifier
    Feature record: CXX_FEATURE:1cxx_generalized_initializers
    Feature record: CXX_FEATURE:0cxx_generic_lambdas
    Feature record: CXX_FEATURE:1cxx_inheriting_constructors
    Feature record: CXX_FEATURE:1cxx_inline_namespaces
    Feature record: CXX_FEATURE:1cxx_lambdas
    Feature record: CXX_FEATURE:0cxx_lambda_init_captures
    Feature record: CXX_FEATURE:1cxx_local_type_template_args
    Feature record: CXX_FEATURE:1cxx_long_long_type
    Feature record: CXX_FEATURE:1cxx_noexcept
    Feature record: CXX_FEATURE:1cxx_nonstatic_member_init
    Feature record: CXX_FEATURE:1cxx_nullptr
    Feature record: CXX_FEATURE:1cxx_override
    Feature record: CXX_FEATURE:1cxx_range_for
    Feature record: CXX_FEATURE:1cxx_raw_string_literals
    Feature record: CXX_FEATURE:1cxx_reference_qualified_functions
    Feature record: CXX_FEATURE:0cxx_relaxed_constexpr
    Feature record: CXX_FEATURE:0cxx_return_type_deduction
    Feature record: CXX_FEATURE:1cxx_right_angle_brackets
    Feature record: CXX_FEATURE:1cxx_rvalue_references
    Feature record: CXX_FEATURE:1cxx_sizeof_member
    Feature record: CXX_FEATURE:1cxx_static_assert
    Feature record: CXX_FEATURE:1cxx_strong_enums
    Feature record: CXX_FEATURE:1cxx_template_template_parameters
    Feature record: CXX_FEATURE:1cxx_thread_local
    Feature record: CXX_FEATURE:1cxx_trailing_return_types
    Feature record: CXX_FEATURE:1cxx_unicode_literals
    Feature record: CXX_FEATURE:1cxx_uniform_initialization
    Feature record: CXX_FEATURE:1cxx_unrestricted_unions
    Feature record: CXX_FEATURE:1cxx_user_literals
    Feature record: CXX_FEATURE:0cxx_variable_templates
    Feature record: CXX_FEATURE:1cxx_variadic_macros
    Feature record: CXX_FEATURE:1cxx_variadic_templates


Detecting CXX [-std=c++98] compiler features compiled with the following output:
Change Dir: /home/taihu/Documentos/jcorti_bkp/ApproxMVBB2/ApproxMVBB/CMakeFiles/CMakeTmp

Run Build Command:"/usr/bin/make" "cmTC_ee054/fast"
/usr/bin/make -f CMakeFiles/cmTC_ee054.dir/build.make CMakeFiles/cmTC_ee054.dir/build
make[1]: se entra en el directorio '/home/taihu/Documentos/jcorti_bkp/ApproxMVBB2/ApproxMVBB/CMakeFiles/CMakeTmp'
Building CXX object CMakeFiles/cmTC_ee054.dir/feature_tests.cxx.o
/usr/bin/c++     -std=c++98 -o CMakeFiles/cmTC_ee054.dir/feature_tests.cxx.o -c /home/taihu/Documentos/jcorti_bkp/ApproxMVBB2/ApproxMVBB/CMakeFiles/feature_tests.cxx
Linking CXX executable cmTC_ee054
/usr/bin/cmake -E cmake_link_script CMakeFiles/cmTC_ee054.dir/link.txt --verbose=1
/usr/bin/c++        CMakeFiles/cmTC_ee054.dir/feature_tests.cxx.o  -o cmTC_ee054 -rdynamic 
make[1]: se sale del directorio '/home/taihu/Documentos/jcorti_bkp/ApproxMVBB2/ApproxMVBB/CMakeFiles/CMakeTmp'


    Feature record: CXX_FEATURE:0cxx_aggregate_default_initializers
    Feature record: CXX_FEATURE:0cxx_alias_templates
    Feature record: CXX_FEATURE:0cxx_alignas
    Feature record: CXX_FEATURE:0cxx_alignof
    Feature record: CXX_FEATURE:0cxx_attributes
    Feature record: CXX_FEATURE:0cxx_attribute_deprecated
    Feature record: CXX_FEATURE:0cxx_auto_type
    Feature record: CXX_FEATURE:0cxx_binary_literals
    Feature record: CXX_FEATURE:0cxx_constexpr
    Feature record: CXX_FEATURE:0cxx_contextual_conversions
    Feature record: CXX_FEATURE:0cxx_decltype
    Feature record: CXX_FEATURE:0cxx_decltype_auto
    Feature record: CXX_FEATURE:0cxx_decltype_incomplete_return_types
    Feature record: CXX_FEATURE:0cxx_default_function_template_args
    Feature record: CXX_FEATURE:0cxx_defaulted_functions
    Feature record: CXX_FEATURE:0cxx_defaulted_move_initializers
    Feature record: CXX_FEATURE:0cxx_delegating_constructors
    Feature record: CXX_FEATURE:0cxx_deleted_functions
    Feature record: CXX_FEATURE:0cxx_digit_separators
    Feature record: CXX_FEATURE:0cxx_enum_forward_declarations
    Feature record: CXX_FEATURE:0cxx_explicit_conversions
    Feature record: CXX_FEATURE:0cxx_extended_friend_declarations
    Feature record: CXX_FEATURE:0cxx_extern_templates
    Feature record: CXX_FEATURE:0cxx_final
    Feature record: CXX_FEATURE:0cxx_func_identifier
    Feature record: CXX_FEATURE:0cxx_generalized_initializers
    Feature record: CXX_FEATURE:0cxx_generic_lambdas
    Feature record: CXX_FEATURE:0cxx_inheriting_constructors
    Feature record: CXX_FEATURE:0cxx_inline_namespaces
    Feature record: CXX_FEATURE:0cxx_lambdas
    Feature record: CXX_FEATURE:0cxx_lambda_init_captures
    Feature record: CXX_FEATURE:0cxx_local_type_template_args
    Feature record: CXX_FEATURE:0cxx_long_long_type
    Feature record: CXX_FEATURE:0cxx_noexcept
    Feature record: CXX_FEATURE:0cxx_nonstatic_member_init
    Feature record: CXX_FEATURE:0cxx_nullptr
    Feature record: CXX_FEATURE:0cxx_override
    Feature record: CXX_FEATURE:0cxx_range_for
    Feature record: CXX_FEATURE:0cxx_raw_string_literals
    Feature record: CXX_FEATURE:0cxx_reference_qualified_functions
    Feature record: CXX_FEATURE:0cxx_relaxed_constexpr
    Feature record: CXX_FEATURE:0cxx_return_type_deduction
    Feature record: CXX_FEATURE:0cxx_right_angle_brackets
    Feature record: CXX_FEATURE:0cxx_rvalue_references
    Feature record: CXX_FEATURE:0cxx_sizeof_member
    Feature record: CXX_FEATURE:0cxx_static_assert
    Feature record: CXX_FEATURE:0cxx_strong_enums
    Feature record: CXX_FEATURE:1cxx_template_template_parameters
    Feature record: CXX_FEATURE:0cxx_thread_local
    Feature record: CXX_FEATURE:0cxx_trailing_return_types
    Feature record: CXX_FEATURE:0cxx_unicode_literals
    Feature record: CXX_FEATURE:0cxx_uniform_initialization
    Feature record: CXX_FEATURE:0cxx_unrestricted_unions
    Feature record: CXX_FEATURE:0cxx_user_literals
    Feature record: CXX_FEATURE:0cxx_variable_templates
    Feature record: CXX_FEATURE:0cxx_variadic_macros
    Feature record: CXX_FEATURE:0cxx_variadic_templates
Performing C SOURCE FILE Test OpenMP_FLAG_DETECTED succeeded with the following output:
Change Dir: /home/taihu/Documentos/jcorti_bkp/ApproxMVBB2/ApproxMVBB/CMakeFiles/CMakeTmp

Run Build Command:"/usr/bin/make" "cmTC_e5cc2/fast"
/usr/bin/make -f CMakeFiles/cmTC_e5cc2.dir/build.make CMakeFiles/cmTC_e5cc2.dir/build
make[1]: se entra en el directorio '/home/taihu/Documentos/jcorti_bkp/ApproxMVBB2/ApproxMVBB/CMakeFiles/CMakeTmp'
Building C object CMakeFiles/cmTC_e5cc2.dir/src.c.o
/usr/bin/cc    -fmessage-length=0 -fmax-errors=50 -DOpenMP_FLAG_DETECTED -fopenmp   -o CMakeFiles/cmTC_e5cc2.dir/src.c.o   -c /home/taihu/Documentos/jcorti_bkp/ApproxMVBB2/ApproxMVBB/CMakeFiles/CMakeTmp/src.c
Linking C executable cmTC_e5cc2
/usr/bin/cmake -E cmake_link_script CMakeFiles/cmTC_e5cc2.dir/link.txt --verbose=1
/usr/bin/cc  -fmessage-length=0 -fmax-errors=50 -DOpenMP_FLAG_DETECTED -fopenmp    CMakeFiles/cmTC_e5cc2.dir/src.c.o  -o cmTC_e5cc2 -rdynamic 
make[1]: se sale del directorio '/home/taihu/Documentos/jcorti_bkp/ApproxMVBB2/ApproxMVBB/CMakeFiles/CMakeTmp'

Source file was:

#include <omp.h>
int main() {
#ifdef _OPENMP
  return 0;
#else
  breaks_on_purpose
#endif
}

Performing C++ SOURCE FILE Test OpenMP_FLAG_DETECTED succeeded with the following output:
Change Dir: /home/taihu/Documentos/jcorti_bkp/ApproxMVBB2/ApproxMVBB/CMakeFiles/CMakeTmp

Run Build Command:"/usr/bin/make" "cmTC_ab2a4/fast"
/usr/bin/make -f CMakeFiles/cmTC_ab2a4.dir/build.make CMakeFiles/cmTC_ab2a4.dir/build
make[1]: se entra en el directorio '/home/taihu/Documentos/jcorti_bkp/ApproxMVBB2/ApproxMVBB/CMakeFiles/CMakeTmp'
Building CXX object CMakeFiles/cmTC_ab2a4.dir/src.cxx.o
/usr/bin/c++     -std=c++11 -fmax-errors=50 -Werror=return-type -DOpenMP_FLAG_DETECTED -fopenmp   -o CMakeFiles/cmTC_ab2a4.dir/src.cxx.o -c /home/taihu/Documentos/jcorti_bkp/ApproxMVBB2/ApproxMVBB/CMakeFiles/CMakeTmp/src.cxx
Linking CXX executable cmTC_ab2a4
/usr/bin/cmake -E cmake_link_script CMakeFiles/cmTC_ab2a4.dir/link.txt --verbose=1
/usr/bin/c++   -std=c++11 -fmax-errors=50 -Werror=return-type -DOpenMP_FLAG_DETECTED -fopenmp    CMakeFiles/cmTC_ab2a4.dir/src.cxx.o  -o cmTC_ab2a4 -rdynamic 
make[1]: se sale del directorio '/home/taihu/Documentos/jcorti_bkp/ApproxMVBB2/ApproxMVBB/CMakeFiles/CMakeTmp'

Source file was:

#include <omp.h>
int main() {
#ifdef _OPENMP
  return 0;
#else
  breaks_on_purpose
#endif
}

Performing C SOURCE FILE Test HAVE__FPU_SETCW succeeded with the following output:
Change Dir: /home/taihu/Documentos/jcorti_bkp/ApproxMVBB2/ApproxMVBB/CMakeFiles/CMakeTmp

Run Build Command:"/usr/bin/make" "cmTC_94153/fast"
/usr/bin/make -f CMakeFiles/cmTC_94153.dir/build.make CMakeFiles/cmTC_94153.dir/build
make[1]: se entra en el directorio '/home/taihu/Documentos/jcorti_bkp/ApproxMVBB2/ApproxMVBB/CMakeFiles/CMakeTmp'
Building C object CMakeFiles/cmTC_94153.dir/src.c.o
/usr/bin/cc    -fmessage-length=0 -fmax-errors=50  -fopenmp -DHAVE__FPU_SETCW   -o CMakeFiles/cmTC_94153.dir/src.c.o   -c /home/taihu/Documentos/jcorti_bkp/ApproxMVBB2/ApproxMVBB/CMakeFiles/CMakeTmp/src.c
Linking C executable cmTC_94153
/usr/bin/cmake -E cmake_link_script CMakeFiles/cmTC_94153.dir/link.txt --verbose=1
/usr/bin/cc  -fmessage-length=0 -fmax-errors=50  -fopenmp -DHAVE__FPU_SETCW    CMakeFiles/cmTC_94153.dir/src.c.o  -o cmTC_94153 -rdynamic 
make[1]: se sale del directorio '/home/taihu/Documentos/jcorti_bkp/ApproxMVBB2/ApproxMVBB/CMakeFiles/CMakeTmp'

Return value: 1
Source file was:

  #include <stdio.h>
  #include <string.h>
  #include <fpu_control.h>
 
  double div (double a, double b) {
    fpu_control_t fpu_oldcw, fpu_cw;
    volatile double result;
 
    _FPU_GETCW(fpu_oldcw);
    fpu_cw = (fpu_oldcw & ~_FPU_EXTENDED & ~_FPU_SINGLE) | _FPU_DOUBLE;
    _FPU_SETCW(fpu_cw);
    result = a / b;
    _FPU_SETCW(fpu_oldcw);
    return result;
  }
 
  int main (int argc, char **argv) {
    double d = div (2877.0, 1000000.0);
    char buf[255];
    sprintf(buf, "%.30f", d);
    // see if the result is actually in double precision
    return strncmp(buf, "0.00287699", 10) == 0 ? 0 : 1;
  }
 
Performing C SOURCE FILE Test HAVE_FPU_INLINE_ASM_X86 succeeded with the following output:
Change Dir: /home/taihu/Documentos/jcorti_bkp/ApproxMVBB2/ApproxMVBB/CMakeFiles/CMakeTmp

Run Build Command:"/usr/bin/make" "cmTC_13e21/fast"
/usr/bin/make -f CMakeFiles/cmTC_13e21.dir/build.make CMakeFiles/cmTC_13e21.dir/build
make[1]: se entra en el directorio '/home/taihu/Documentos/jcorti_bkp/ApproxMVBB2/ApproxMVBB/CMakeFiles/CMakeTmp'
Building C object CMakeFiles/cmTC_13e21.dir/src.c.o
/usr/bin/cc    -fmessage-length=0 -fmax-errors=50  -fopenmp -DHAVE_FPU_INLINE_ASM_X86   -o CMakeFiles/cmTC_13e21.dir/src.c.o   -c /home/taihu/Documentos/jcorti_bkp/ApproxMVBB2/ApproxMVBB/CMakeFiles/CMakeTmp/src.c
Linking C executable cmTC_13e21
/usr/bin/cmake -E cmake_link_script CMakeFiles/cmTC_13e21.dir/link.txt --verbose=1
/usr/bin/cc  -fmessage-length=0 -fmax-errors=50  -fopenmp -DHAVE_FPU_INLINE_ASM_X86    CMakeFiles/cmTC_13e21.dir/src.c.o  -o cmTC_13e21 -rdynamic 
make[1]: se sale del directorio '/home/taihu/Documentos/jcorti_bkp/ApproxMVBB2/ApproxMVBB/CMakeFiles/CMakeTmp'

Return value: 1
Source file was:

  #include <stdio.h>
  #include <string.h>
  
  double div (double a, double b) {
    unsigned int oldcw, cw;
    volatile double result;
    
    __asm__ __volatile__ ("fnstcw %0" : "=m" (*&oldcw));
    cw = (oldcw & ~0x0 & ~0x300) | 0x200;
    __asm__ __volatile__ ("fldcw %0" : : "m" (*&cw));
    
    result = a / b;
    
    __asm__ __volatile__ ("fldcw %0" : : "m" (*&oldcw));
    
    return result;
  }
 
  int main (int argc, char **argv) {
    double d = div (2877.0, 1000000.0);
    char buf[255];
    sprintf(buf, "%.30f", d);
    // see if the result is actually in double precision
    return strncmp(buf, "0.00287699", 10) == 0 ? 0 : 1;
  }
 
Determining if the include file pthread.h exists passed with the following output:
Change Dir: /home/taihu/Documentos/jcorti_bkp/ApproxMVBB2/ApproxMVBB/CMakeFiles/CMakeTmp

Run Build Command:"/usr/bin/make" "cmTC_af441/fast"
/usr/bin/make -f CMakeFiles/cmTC_af441.dir/build.make CMakeFiles/cmTC_af441.dir/build
make[1]: se entra en el directorio '/home/taihu/Documentos/jcorti_bkp/ApproxMVBB2/ApproxMVBB/CMakeFiles/CMakeTmp'
Building C object CMakeFiles/cmTC_af441.dir/CheckIncludeFile.c.o
/usr/bin/cc    -fmessage-length=0 -fmax-errors=50  -fopenmp    -o CMakeFiles/cmTC_af441.dir/CheckIncludeFile.c.o   -c /home/taihu/Documentos/jcorti_bkp/ApproxMVBB2/ApproxMVBB/CMakeFiles/CMakeTmp/CheckIncludeFile.c
Linking C executable cmTC_af441
/usr/bin/cmake -E cmake_link_script CMakeFiles/cmTC_af441.dir/link.txt --verbose=1
/usr/bin/cc  -fmessage-length=0 -fmax-errors=50  -fopenmp     CMakeFiles/cmTC_af441.dir/CheckIncludeFile.c.o  -o cmTC_af441 -rdynamic 
make[1]: se sale del directorio '/home/taihu/Documentos/jcorti_bkp/ApproxMVBB2/ApproxMVBB/CMakeFiles/CMakeTmp'


Determining if the pthread_create exist passed with the following output:
Change Dir: /home/taihu/Documentos/jcorti_bkp/ApproxMVBB2/ApproxMVBB/CMakeFiles/CMakeTmp

Run Build Command:"/usr/bin/make" "cmTC_7e950/fast"
/usr/bin/make -f CMakeFiles/cmTC_7e950.dir/build.make CMakeFiles/cmTC_7e950.dir/build
make[1]: se entra en el directorio '/home/taihu/Documentos/jcorti_bkp/ApproxMVBB2/ApproxMVBB/CMakeFiles/CMakeTmp'
Building C object CMakeFiles/cmTC_7e950.dir/CheckSymbolExists.c.o
/usr/bin/cc    -fmessage-length=0 -fmax-errors=50  -fopenmp    -o CMakeFiles/cmTC_7e950.dir/CheckSymbolExists.c.o   -c /home/taihu/Documentos/jcorti_bkp/ApproxMVBB2/ApproxMVBB/CMakeFiles/CMakeTmp/CheckSymbolExists.c
Linking C executable cmTC_7e950
/usr/bin/cmake -E cmake_link_script CMakeFiles/cmTC_7e950.dir/link.txt --verbose=1
/usr/bin/cc  -fmessage-length=0 -fmax-errors=50  -fopenmp     CMakeFiles/cmTC_7e950.dir/CheckSymbolExists.c.o  -o cmTC_7e950 -rdynamic 
make[1]: se sale del directorio '/home/taihu/Documentos/jcorti_bkp/ApproxMVBB2/ApproxMVBB/CMakeFiles/CMakeTmp'

File /home/taihu/Documentos/jcorti_bkp/ApproxMVBB2/ApproxMVBB/CMakeFiles/CMakeTmp/CheckSymbolExists.c:
/* */
#include <pthread.h>

int main(int argc, char** argv)
{
  (void)argv;
#ifndef pthread_create
  return ((int*)(&pthread_create))[argc];
#else
  (void)argc;
  return 0;
#endif
}

